Program: bwa (alignment via Burrows-Wheeler transformation) Version: 0.7.18-r1243-dirty Contact: Heng Li <hli@ds.dfci.harvard.edu> Usage: bwa <command> [options] Command: index index sequences in the FASTA format mem BWA-MEM algorithm fastmap identify super-maximal exact matches pemerge merge overlapping paired ends (EXPERIMENTAL) aln gapped/ungapped alignment samse generate alignment (single ended) sampe generate alignment (paired ended) bwasw BWA-SW for long queries (DEPRECATED) shm manage indices in shared memory fa2pac convert FASTA to PAC format pac2bwt generate BWT from PAC pac2bwtgen alternative algorithm for generating BWT bwtupdate update .bwt to the new format bwt2sa generate SA from BWT and Occ Note: To use BWA, you need to first index the genome with `bwa index'. There are three alignment algorithms in BWA: `mem', `bwasw', and `aln/samse/sampe'. If you are not sure which to use, try `bwa mem' first. Please `man ./bwa.1' for the manual.
samtools 1.11
Using htslib 1.11
Copyright (C) 2020 Genome Research Ltd.
bgzip (htslib) 1.11
Copyright (C) 2020 Genome Research Ltd.
pairtools, version 0.3.0
option --version not recognized
Usage: tabulate [options] [FILE ...]

Pretty-print tabular data.
See also https://bitbucket.org/astanin/python-tabulate

FILE                      a filename of the file with tabular data;
                          if "-" or missing, read data from stdin.

Options:

-h, --help                show this message
-1, --header              use the first row of data as a table header
-o FILE, --output FILE    print table to FILE (default: stdout)
-s REGEXP, --sep REGEXP   use a custom column separator (default: whitespace)
-F FPFMT, --float FPFMT   floating point number format (default: g)
-f FMT, --format FMT      set output table format; supported formats:
                          plain, simple, grid, fancy_grid, pipe, orgtbl,
                          rst, mediawiki, html, latex, latex_booktabs, tsv
                          (default: simple)

1.1
cooler, version 0.10.3
3.9
mC_wt_R1_120h
