File ‘/shared/projects/microc_pilot/images/bwa_0.7.18.sif’ already there; not retrieving.
File ‘/shared/projects/microc_pilot/images/samtools.1.11.sif’ already there; not retrieving.
WARNING: Skipping mount /var/lib/apptainer/mnt/session/etc/resolv.conf [files]: /etc/resolv.conf doesn't exist in container
[bwa_index] Pack FASTA... 30.38 sec
[bwa_index] Construct BWT for the packed sequence...
[BWTIncCreate] textLength=5456444902, availableWord=395935328
[BWTIncConstructFromPacked] 10 iterations done. 99999990 characters processed.
[BWTIncConstructFromPacked] 20 iterations done. 199999990 characters processed.
[BWTIncConstructFromPacked] 30 iterations done. 299999990 characters processed.
[BWTIncConstructFromPacked] 40 iterations done. 399999990 characters processed.
[BWTIncConstructFromPacked] 50 iterations done. 499999990 characters processed.
[BWTIncConstructFromPacked] 60 iterations done. 599999990 characters processed.
[BWTIncConstructFromPacked] 70 iterations done. 699999990 characters processed.
[BWTIncConstructFromPacked] 80 iterations done. 799999990 characters processed.
[BWTIncConstructFromPacked] 90 iterations done. 899999990 characters processed.
[BWTIncConstructFromPacked] 100 iterations done. 999999990 characters processed.
[BWTIncConstructFromPacked] 110 iterations done. 1099999990 characters processed.
[BWTIncConstructFromPacked] 120 iterations done. 1199999990 characters processed.
[BWTIncConstructFromPacked] 130 iterations done. 1299999990 characters processed.
[BWTIncConstructFromPacked] 140 iterations done. 1399999990 characters processed.
[BWTIncConstructFromPacked] 150 iterations done. 1499999990 characters processed.
[BWTIncConstructFromPacked] 160 iterations done. 1599999990 characters processed.
[BWTIncConstructFromPacked] 170 iterations done. 1699999990 characters processed.
[BWTIncConstructFromPacked] 180 iterations done. 1799999990 characters processed.
[BWTIncConstructFromPacked] 190 iterations done. 1899999990 characters processed.
[BWTIncConstructFromPacked] 200 iterations done. 1999999990 characters processed.
[BWTIncConstructFromPacked] 210 iterations done. 2099999990 characters processed.
[BWTIncConstructFromPacked] 220 iterations done. 2199999990 characters processed.
[BWTIncConstructFromPacked] 230 iterations done. 2299999990 characters processed.
[BWTIncConstructFromPacked] 240 iterations done. 2399999990 characters processed.
[BWTIncConstructFromPacked] 250 iterations done. 2499999990 characters processed.
[BWTIncConstructFromPacked] 260 iterations done. 2599999990 characters processed.
[BWTIncConstructFromPacked] 270 iterations done. 2699999990 characters processed.
[BWTIncConstructFromPacked] 280 iterations done. 2799999990 characters processed.
[BWTIncConstructFromPacked] 290 iterations done. 2899999990 characters processed.
[BWTIncConstructFromPacked] 300 iterations done. 2999999990 characters processed.
[BWTIncConstructFromPacked] 310 iterations done. 3099999990 characters processed.
[BWTIncConstructFromPacked] 320 iterations done. 3199999990 characters processed.
[BWTIncConstructFromPacked] 330 iterations done. 3299999990 characters processed.
[BWTIncConstructFromPacked] 340 iterations done. 3399999990 characters processed.
[BWTIncConstructFromPacked] 350 iterations done. 3499999990 characters processed.
[BWTIncConstructFromPacked] 360 iterations done. 3599999990 characters processed.
[BWTIncConstructFromPacked] 370 iterations done. 3699999990 characters processed.
[BWTIncConstructFromPacked] 380 iterations done. 3799999990 characters processed.
[BWTIncConstructFromPacked] 390 iterations done. 3899999990 characters processed.
[BWTIncConstructFromPacked] 400 iterations done. 3999999990 characters processed.
[BWTIncConstructFromPacked] 410 iterations done. 4099999990 characters processed.
[BWTIncConstructFromPacked] 420 iterations done. 4199999990 characters processed.
[BWTIncConstructFromPacked] 430 iterations done. 4299999990 characters processed.
[BWTIncConstructFromPacked] 440 iterations done. 4399999990 characters processed.
[BWTIncConstructFromPacked] 450 iterations done. 4499999990 characters processed.
[BWTIncConstructFromPacked] 460 iterations done. 4599999990 characters processed.
[BWTIncConstructFromPacked] 470 iterations done. 4699999990 characters processed.
[BWTIncConstructFromPacked] 480 iterations done. 4799789782 characters processed.
[BWTIncConstructFromPacked] 490 iterations done. 4892030822 characters processed.
[BWTIncConstructFromPacked] 500 iterations done. 4974010886 characters processed.
[BWTIncConstructFromPacked] 510 iterations done. 5046870966 characters processed.
[BWTIncConstructFromPacked] 520 iterations done. 5111625190 characters processed.
[BWTIncConstructFromPacked] 530 iterations done. 5169174934 characters processed.
[BWTIncConstructFromPacked] 540 iterations done. 5220321238 characters processed.
[BWTIncConstructFromPacked] 550 iterations done. 5265776182 characters processed.
[BWTIncConstructFromPacked] 560 iterations done. 5306172630 characters processed.
[BWTIncConstructFromPacked] 570 iterations done. 5342073078 characters processed.
[BWTIncConstructFromPacked] 580 iterations done. 5373977430 characters processed.
[BWTIncConstructFromPacked] 590 iterations done. 5402330102 characters processed.
[BWTIncConstructFromPacked] 600 iterations done. 5427525990 characters processed.
[BWTIncConstructFromPacked] 610 iterations done. 5449916134 characters processed.
[bwt_gen] Finished constructing BWT in 614 iterations.
[bwa_index] 2502.38 seconds elapse.
[bwa_index] Update BWT... 15.63 sec
[bwa_index] Pack forward-only FASTA... 23.32 sec
[bwa_index] Construct SA from BWT and Occ... 839.18 sec
[main] Version: 0.7.18-r1243-dirty
[main] CMD: /usr/local/bin/bwa index -p /shared/projects/microc_pilot/genomes/bwaIndex/mm39 /shared/projects/microc_pilot/genomes/fasta/mm39.fa.gz
[main] Real time: 3427.499 sec; CPU: 3410.945 sec
/var/spool/slurm/slurmd/job45345690/slurm_script: line 75: syntax error near unexpected token `else'
