=== Starting BWA Indexing Job ===
Setting up paths and directories...
Path to genomes table: /shared/projects/microc_pilot/genomes/genomesTable.txt
BWA Index Directory: /shared/projects/microc_pilot/genomes/bwaIndex/__genome__
Singularity Image Directory: /shared/projects/microc_pilot/images
SLURM_ARRAY_TASK_ID: 2
Loading Singularity module...
Singularity is loaded.
Downloading Singularity images if not already available...
BWA image already downloaded.
Samtools image already downloaded
total 55268
-rw-r--r--+ 1 ccarmignoto99 ccarmignoto99 25366528 Jul 17  2024 bwa_0.7.18.sif
-rw-rw----+ 1 ccarmignoto99 ccarmignoto99   279603 Mar 27  2016 sample.jpg
-rw-r--r--+ 1 ccarmignoto99 ccarmignoto99 30932992 Oct  6  2020 samtools.1.11.sif
total 55268
-rw-r--r--+ 1 ccarmignoto99 ccarmignoto99 25366528 Jul 17  2024 bwa_0.7.18.sif
-rw-rw----+ 1 ccarmignoto99 ccarmignoto99   279603 Mar 27  2016 sample.jpg
-rw-r--r--+ 1 ccarmignoto99 ccarmignoto99 30932992 Oct  6  2020 samtools.1.11.sif
Checking samtools...
WARNING: Skipping mount /var/lib/apptainer/mnt/session/etc/resolv.conf [files]: /etc/resolv.conf doesn't exist in container
samtools 1.11
Using htslib 1.11
Copyright (C) 2020 Genome Research Ltd.
Fetching genome and fasta...
Genome: mm39
FASTA Path: /shared/projects/microc_pilot/genomes/fasta/mm39.fa.gz
Indexing genome: mm39 at /shared/projects/microc_pilot/genomes/fasta/mm39.fa.gz
Running bwa index...
[bwa_index] Pack FASTA... 29.55 sec
[bwa_index] Construct BWT for the packed sequence...
[BWTIncCreate] textLength=5456444902, availableWord=395935328
BWTIncConstructFromPacked() : Can't read from /shared/projects/microc_pilot/genomes/bwaIndex/mm39.pac : Unexpected end of file
