=== Starting BWA Indexing Job ===
Setting up paths and directories...
Path to genomes table: /shared/projects/microc_pilot/genomes/genomesTable.txt
BWA Index Directory: /shared/projects/microc_pilot/genomes/bwaIndex/__genome__
Singularity Image Directory: /shared/projects/microc_pilot/images
SLURM_ARRAY_TASK_ID: 2
Loading Singularity module...
Singularity is loaded.
Downloading Singularity images if not already available...
BWA image already downloaded.
--2025-03-25 13:32:21--  http://datacache.galaxyproject.org/singularity/all/samtools:1.11--h6270b1f_0
Resolving datacache.galaxyproject.org (datacache.galaxyproject.org)... 128.118.250.24
Connecting to datacache.galaxyproject.org (datacache.galaxyproject.org)|128.118.250.24|:80... connected.
HTTP request sent, awaiting response... 200 OK
Length: 30932992 (30M) [application/octet-stream]
Saving to: ‘/shared/projects/microc_pilot/images/samtools.1.11.sif’

     0K .......... .......... .......... .......... ..........  0%  279K 1m48s
    50K .......... .......... .......... .......... ..........  0%  579K 80s
   100K .......... .......... .......... .......... ..........  0% 8.88M 54s
   150K .......... .......... .......... .......... ..........  0%  591K 53s
   200K .......... .......... .......... .......... ..........  0% 12.5M 43s
   250K .......... .......... .......... .......... ..........  0% 27.4M 36s
   300K .......... .......... .......... .......... ..........  1%  621K 38s
   350K .......... .......... .......... .......... ..........  1% 22.3M 33s
   400K .......... .......... .......... .......... ..........  1% 16.7M 30s
   450K .......... .......... .......... .......... ..........  1% 27.1M 27s
   500K .......... .......... .......... .......... ..........  1% 27.0M 24s
   550K .......... .......... .......... .......... ..........  1% 28.4M 22s
   600K .......... .......... .......... .......... ..........  2% 28.9M 21s
   650K .......... .......... .......... .......... ..........  2%  664K 22s
   700K .......... .......... .......... .......... ..........  2% 25.9M 21s
   750K .......... .......... .......... .......... ..........  2% 28.3M 20s
   800K .......... .......... .......... .......... ..........  2% 25.0M 18s
   850K .......... .......... .......... .......... ..........  2% 26.8M 17s
   900K .......... .......... .......... .......... ..........  3% 28.2M 17s
   950K .......... .......... .......... .......... ..........  3% 30.2M 16s
  1000K .......... .......... .......... .......... ..........  3% 29.1M 15s
  1050K .......... .......... .......... .......... ..........  3% 26.3M 14s
  1100K .......... .......... .......... .......... ..........  3% 28.1M 14s
  1150K .......... .......... .......... .......... ..........  3% 27.5M 13s
  1200K .......... .......... .......... .......... ..........  4% 29.3M 13s
  1250K .......... .......... .......... .......... ..........  4% 32.5M 12s
  1300K .......... .......... .......... .......... ..........  4% 31.3M 12s
  1350K .......... .......... .......... .......... ..........  4%  776K 13s
  1400K .......... .......... .......... .......... ..........  4% 22.5M 12s
  1450K .......... .......... .......... .......... ..........  4% 17.9M 12s
  1500K .......... .......... .......... .......... ..........  5% 29.5M 12s
  1550K .......... .......... .......... .......... ..........  5% 30.2M 11s
  1600K .......... .......... .......... .......... ..........  5% 26.4M 11s
  1650K .......... .......... .......... .......... ..........  5% 30.1M 11s
  1700K .......... .......... .......... .......... ..........  5% 28.3M 10s
  1750K .......... .......... .......... .......... ..........  5% 28.8M 10s
  1800K .......... .......... .......... .......... ..........  6% 29.1M 10s
  1850K .......... .......... .......... .......... ..........  6% 30.7M 9s
  1900K .......... .......... .......... .......... ..........  6% 29.4M 9s
  1950K .......... .......... .......... .......... ..........  6% 29.2M 9s
  2000K .......... .......... .......... .......... ..........  6% 30.9M 9s
  2050K .......... .......... .......... .......... ..........  6% 4.36M 9s
  2100K .......... .......... .......... .......... ..........  7% 69.0M 8s
  2150K .......... .......... .......... .......... ..........  7% 78.7M 8s
  2200K .......... .......... .......... .......... ..........  7% 79.3M 8s
  2250K .......... .......... .......... .......... ..........  7% 74.9M 8s
  2300K .......... .......... .......... .......... ..........  7% 68.0M 8s
  2350K .......... .......... .......... .......... ..........  7% 74.3M 8s
  2400K .......... .......... .......... .......... ..........  8% 76.5M 7s
  2450K .......... .......... .......... .......... ..........  8% 79.1M 7s
  2500K .......... .......... .......... .......... ..........  8%  551K 8s
  2550K .......... .......... .......... .......... ..........  8% 1.03M 8s
  2600K .......... .......... .......... .......... ..........  8% 1.21M 9s
  2650K .......... .......... .......... .......... ..........  8% 1.10M 9s
  2700K .......... .......... .......... .......... ..........  9% 16.9M 9s
  2750K .......... .......... .......... .......... ..........  9% 30.2M 9s
  2800K .......... .......... .......... .......... ..........  9% 28.5M 8s
  2850K .......... .......... .......... .......... ..........  9% 1.35M 9s
  2900K .......... .......... .......... .......... ..........  9% 22.0M 9s
  2950K .......... .......... .......... .......... ..........  9% 32.0M 8s
  3000K .......... .......... .......... .......... .......... 10% 1.11M 9s
  3050K .......... .......... .......... .......... .......... 10% 28.8M 8s
  3100K .......... .......... .......... .......... .......... 10% 26.7M 8s
  3150K .......... .......... .......... .......... .......... 10% 30.9M 8s
  3200K .......... .......... .......... .......... .......... 10% 1.39M 8s
  3250K .......... .......... .......... .......... .......... 10% 29.0M 8s
  3300K .......... .......... .......... .......... .......... 11% 18.4M 8s
  3350K .......... .......... .......... .......... .......... 11% 29.9M 8s
  3400K .......... .......... .......... .......... .......... 11% 1.14M 8s
  3450K .......... .......... .......... .......... .......... 11% 15.5M 8s
  3500K .......... .......... .......... .......... .......... 11%  535K 9s
  3550K .......... .......... .......... .......... .......... 11% 69.9M 9s
  3600K .......... .......... .......... .......... .......... 12%  570K 9s
  3650K .......... .......... .......... .......... .......... 12%  593K 10s
  3700K .......... .......... .......... .......... .......... 12% 14.6M 9s
  3750K .......... .......... .......... .......... .......... 12% 20.5M 9s
  3800K .......... .......... .......... .......... .......... 12%  610K 10s
  3850K .......... .......... .......... .......... .......... 12% 24.2M 10s
  3900K .......... .......... .......... .......... .......... 13% 24.7M 9s
  3950K .......... .......... .......... .......... .......... 13% 24.2M 9s
  4000K .......... .......... .......... .......... .......... 13% 21.3M 9s
  4050K .......... .......... .......... .......... .......... 13%  634K 10s
  4100K .......... .......... .......... .......... .......... 13% 27.8M 9s
  4150K .......... .......... .......... .......... .......... 13% 23.9M 9s
  4200K .......... .......... .......... .......... .......... 14% 19.5M 9s
  4250K .......... .......... .......... .......... .......... 14% 68.7M 9s
  4300K .......... .......... .......... .......... .......... 14% 79.5M 9s
  4350K .......... .......... .......... .......... .......... 14% 32.2M 9s
  4400K .......... .......... .......... .......... .......... 14% 31.0M 9s
  4450K .......... .......... .......... .......... .......... 14% 29.5M 9s
  4500K .......... .......... .......... .......... .......... 15% 28.2M 9s
  4550K .......... .......... .......... .......... .......... 15% 30.2M 8s
  4600K .......... .......... .......... .......... .......... 15%  684K 9s
  4650K .......... .......... .......... .......... .......... 15% 29.9M 9s
  4700K .......... .......... .......... .......... .......... 15% 23.2M 9s
  4750K .......... .......... .......... .......... .......... 15% 30.3M 8s
  4800K .......... .......... .......... .......... .......... 16% 27.7M 8s
  4850K .......... .......... .......... .......... .......... 16% 22.6M 8s
  4900K .......... .......... .......... .......... .......... 16% 26.0M 8s
  4950K .......... .......... .......... .......... .......... 16% 28.7M 8s
  5000K .......... .......... .......... .......... .......... 16% 27.9M 8s
  5050K .......... .......... .......... .......... .......... 16% 28.0M 8s
  5100K .......... .......... .......... .......... .......... 17% 30.1M 8s
  5150K .......... .......... .......... .......... .......... 17% 30.3M 8s
  5200K .......... .......... .......... .......... .......... 17% 30.3M 8s
  5250K .......... .......... .......... .......... .......... 17% 19.9M 8s
  5300K .......... .......... .......... .......... .......... 17% 60.9M 8s
  5350K .......... .......... .......... .......... .......... 17% 4.41M 7s
  5400K .......... .......... .......... .......... .......... 18% 81.0M 7s
  5450K .......... .......... .......... .......... .......... 18% 76.6M 7s
  5500K .......... .......... .......... .......... .......... 18%  589K 8s
  5550K .......... .......... .......... .......... .......... 18%  912K 8s
  5600K .......... .......... .......... .......... .......... 18% 1.45M 8s
  5650K .......... .......... .......... .......... .......... 18%  948K 8s
  5700K .......... .......... .......... .......... .......... 19% 24.7M 8s
  5750K .......... .......... .......... .......... .......... 19% 1.50M 8s
  5800K .......... .......... .......... .......... .......... 19% 20.8M 8s
  5850K .......... .......... .......... .......... .......... 19% 74.8M 8s
  5900K .......... .......... .......... .......... .......... 19% 53.8M 8s
  5950K .......... .......... .......... .......... .......... 19%  998K 8s
  6000K .......... .......... .......... .......... .......... 20% 23.4M 8s
  6050K .......... .......... .......... .......... .......... 20% 28.0M 8s
  6100K .......... .......... .......... .......... .......... 20% 1.69M 8s
  6150K .......... .......... .......... .......... .......... 20% 28.0M 8s
  6200K .......... .......... .......... .......... .......... 20% 29.4M 8s
  6250K .......... .......... .......... .......... .......... 20% 17.6M 8s
  6300K .......... .......... .......... .......... .......... 21% 32.2M 7s
  6350K .......... .......... .......... .......... .......... 21% 1.03M 8s
  6400K .......... .......... .......... .......... .......... 21% 18.8M 7s
  6450K .......... .......... .......... .......... .......... 21% 24.4M 7s
  6500K .......... .......... .......... .......... .......... 21% 26.8M 7s
  6550K .......... .......... .......... .......... .......... 21% 1.81M 7s
  6600K .......... .......... .......... .......... .......... 22% 22.9M 7s
  6650K .......... .......... .......... .......... .......... 22% 28.0M 7s
  6700K .......... .......... .......... .......... .......... 22% 29.3M 7s
  6750K .......... .......... .......... .......... .......... 22% 28.7M 7s
  6800K .......... .......... .......... .......... .......... 22% 26.9M 7s
  6850K .......... .......... .......... .......... .......... 22% 1.10M 7s
  6900K .......... .......... .......... .......... .......... 23% 27.1M 7s
  6950K .......... .......... .......... .......... .......... 23% 27.1M 7s
  7000K .......... .......... .......... .......... .......... 23% 28.9M 7s
  7050K .......... .......... .......... .......... .......... 23% 27.6M 7s
  7100K .......... .......... .......... .......... .......... 23% 25.4M 7s
  7150K .......... .......... .......... .......... .......... 23% 29.5M 7s
  7200K .......... .......... .......... .......... .......... 24% 1.84M 7s
  7250K .......... .......... .......... .......... .......... 24%  170K 8s
  7300K .......... .......... .......... .......... .......... 24%  284K 8s
  7350K .......... .......... .......... .......... .......... 24%  567K 8s
  7400K .......... .......... .......... .......... .......... 24%  578K 9s
  7450K .......... .......... .......... .......... .......... 24%  569K 9s
  7500K .......... .......... .......... .......... .......... 24%  173K 10s
  7550K .......... .......... .......... .......... .......... 25% 31.3M 9s
  7600K .......... .......... .......... .......... .......... 25% 36.6M 9s
  7650K .......... .......... .......... .......... .......... 25% 36.2M 9s
  7700K .......... .......... .......... .......... .......... 25% 37.2M 9s
  7750K .......... .......... .......... .......... .......... 25% 32.5M 9s
  7800K .......... .......... .......... .......... .......... 25% 36.6M 9s
  7850K .......... .......... .......... .......... .......... 26% 37.1M 9s
  7900K .......... .......... .......... .......... .......... 26% 37.3M 9s
  7950K .......... .......... .......... .......... .......... 26% 32.3M 9s
  8000K .......... .......... .......... .......... .......... 26% 1.01M 9s
  8050K .......... .......... .......... .......... .......... 26% 27.5M 9s
  8100K .......... .......... .......... .......... .......... 26% 27.8M 9s
  8150K .......... .......... .......... .......... .......... 27% 28.3M 9s
  8200K .......... .......... .......... .......... .......... 27% 28.2M 9s
  8250K .......... .......... .......... .......... .......... 27% 29.6M 9s
  8300K .......... .......... .......... .......... .......... 27%  637K 9s
  8350K .......... .......... .......... .......... .......... 27% 27.3M 9s
  8400K .......... .......... .......... .......... .......... 27% 28.7M 9s
  8450K .......... .......... .......... .......... .......... 28% 29.2M 8s
  8500K .......... .......... .......... .......... .......... 28% 28.1M 8s
  8550K .......... .......... .......... .......... .......... 28% 29.7M 8s
  8600K .......... .......... .......... .......... .......... 28% 26.9M 8s
  8650K .......... .......... .......... .......... .......... 28% 27.7M 8s
  8700K .......... .......... .......... .......... .......... 28% 29.2M 8s
  8750K .......... .......... .......... .......... .......... 29% 30.4M 8s
  8800K .......... .......... .......... .......... .......... 29% 31.0M 8s
  8850K .......... .......... .......... .......... .......... 29% 30.5M 8s
  8900K .......... .......... .......... .......... .......... 29%  706K 8s
  8950K .......... .......... .......... .......... .......... 29% 27.6M 8s
  9000K .......... .......... .......... .......... .......... 29% 26.2M 8s
  9050K .......... .......... .......... .......... .......... 30% 27.3M 8s
  9100K .......... .......... .......... .......... .......... 30% 28.4M 8s
  9150K .......... .......... .......... .......... .......... 30% 28.9M 8s
  9200K .......... .......... .......... .......... .......... 30% 27.9M 8s
  9250K .......... .......... .......... .......... .......... 30% 27.6M 8s
  9300K .......... .......... .......... .......... .......... 30% 13.4M 8s
  9350K .......... .......... .......... .......... .......... 31% 19.3M 8s
  9400K .......... .......... .......... .......... .......... 31% 29.7M 8s
  9450K .......... .......... .......... .......... .......... 31% 31.0M 7s
  9500K .......... .......... .......... .......... .......... 31% 30.5M 7s
  9550K .......... .......... .......... .......... .......... 31%  760K 8s
  9600K .......... .......... .......... .......... .......... 31% 27.3M 7s
  9650K .......... .......... .......... .......... .......... 32% 19.0M 7s
  9700K .......... .......... .......... .......... .......... 32% 27.8M 7s
  9750K .......... .......... .......... .......... .......... 32% 25.5M 7s
  9800K .......... .......... .......... .......... .......... 32% 15.8M 7s
  9850K .......... .......... .......... .......... .......... 32% 25.9M 7s
  9900K .......... .......... .......... .......... .......... 32% 28.5M 7s
  9950K .......... .......... .......... .......... .......... 33%  312K 7s
 10000K .......... .......... .......... .......... .......... 33% 1.14M 7s
 10050K .......... .......... .......... .......... .......... 33% 1.07M 7s
 10100K .......... .......... .......... .......... .......... 33% 1.18M 8s
 10150K .......... .......... .......... .......... .......... 33% 1.06M 8s
 10200K .......... .......... .......... .......... .......... 33% 36.3M 8s
 10250K .......... .......... .......... .......... .......... 34% 31.5M 7s
 10300K .......... .......... .......... .......... .......... 34% 37.4M 7s
 10350K .......... .......... .......... .......... .......... 34% 1.29M 7s
 10400K .......... .......... .......... .......... .......... 34% 11.3M 7s
 10450K .......... .......... .......... .......... .......... 34% 1.15M 7s
 10500K .......... .......... .......... .......... .......... 34% 17.9M 7s
 10550K .......... .......... .......... .......... .......... 35% 24.6M 7s
 10600K .......... .......... .......... .......... .......... 35% 1.33M 7s
 10650K .......... .......... .......... .......... .......... 35% 22.5M 7s
 10700K .......... .......... .......... .......... .......... 35% 1.15M 7s
 10750K .......... .......... .......... .......... .......... 35% 29.6M 7s
 10800K .......... .......... .......... .......... .......... 35% 27.3M 7s
 10850K .......... .......... .......... .......... .......... 36% 21.6M 7s
 10900K .......... .......... .......... .......... .......... 36% 19.8M 7s
 10950K .......... .......... .......... .......... .......... 36% 1.44M 7s
 11000K .......... .......... .......... .......... .......... 36% 29.5M 7s
 11050K .......... .......... .......... .......... .......... 36% 31.3M 7s
 11100K .......... .......... .......... .......... .......... 36% 27.0M 7s
 11150K .......... .......... .......... .......... .......... 37% 1.20M 7s
 11200K .......... .......... .......... .......... .......... 37% 27.9M 7s
 11250K .......... .......... .......... .......... .......... 37% 22.9M 7s
 11300K .......... .......... .......... .......... .......... 37% 28.8M 7s
 11350K .......... .......... .......... .......... .......... 37% 16.6M 7s
 11400K .......... .......... .......... .......... .......... 37% 1.46M 7s
 11450K .......... .......... .......... .......... .......... 38% 16.5M 7s
 11500K .......... .......... .......... .......... .......... 38% 26.5M 7s
 11550K .......... .......... .......... .......... .......... 38% 29.7M 7s
 11600K .......... .......... .......... .......... .......... 38% 1.25M 7s
 11650K .......... .......... .......... .......... .......... 38% 23.7M 7s
 11700K .......... .......... .......... .......... .......... 38% 19.6M 7s
 11750K .......... .......... .......... .......... .......... 39% 29.5M 7s
 11800K .......... .......... .......... .......... .......... 39% 17.5M 7s
 11850K .......... .......... .......... .......... .......... 39% 1.45M 7s
 11900K .......... .......... .......... .......... .......... 39% 15.5M 6s
 11950K .......... .......... .......... .......... .......... 39% 27.1M 6s
 12000K .......... .......... .......... .......... .......... 39% 20.7M 6s
 12050K .......... .......... .......... .......... .......... 40% 1.23M 6s
 12100K .......... .......... .......... .......... .......... 40% 29.5M 6s
 12150K .......... .......... .......... .......... .......... 40% 28.4M 6s
 12200K .......... .......... .......... .......... .......... 40% 28.2M 6s
 12250K .......... .......... .......... .......... .......... 40% 26.6M 6s
 12300K .......... .......... .......... .......... .......... 40% 1.04M 6s
 12350K .......... .......... .......... .......... .......... 41% 81.3M 6s
 12400K .......... .......... .......... .......... .......... 41% 80.9M 6s
 12450K .......... .......... .......... .......... .......... 41% 82.2M 6s
 12500K .......... .......... .......... .......... .......... 41% 1.51M 6s
 12550K .......... .......... .......... .......... .......... 41% 17.0M 6s
 12600K .......... .......... .......... .......... .......... 41% 17.7M 6s
 12650K .......... .......... .......... .......... .......... 42% 18.3M 6s
 12700K .......... .......... .......... .......... .......... 42% 30.0M 6s
 12750K .......... .......... .......... .......... .......... 42% 1.66M 6s
 12800K .......... .......... .......... .......... .......... 42% 16.8M 6s
 12850K .......... .......... .......... .......... .......... 42% 12.9M 6s
 12900K .......... .......... .......... .......... .......... 42% 19.9M 6s
 12950K .......... .......... .......... .......... .......... 43% 1.29M 6s
 13000K .......... .......... .......... .......... .......... 43% 12.2M 6s
 13050K .......... .......... .......... .......... .......... 43% 17.6M 6s
 13100K .......... .......... .......... .......... .......... 43% 18.4M 6s
 13150K .......... .......... .......... .......... .......... 43% 18.3M 6s
 13200K .......... .......... .......... .......... .......... 43% 1.76M 6s
 13250K .......... .......... .......... .......... .......... 44% 19.4M 6s
 13300K .......... .......... .......... .......... .......... 44% 11.9M 6s
 13350K .......... .......... .......... .......... .......... 44% 18.6M 6s
 13400K .......... .......... .......... .......... .......... 44% 1.36M 6s
 13450K .......... .......... .......... .......... .......... 44% 10.3M 6s
 13500K .......... .......... .......... .......... .......... 44% 14.1M 6s
 13550K .......... .......... .......... .......... .......... 45% 15.3M 6s
 13600K .......... .......... .......... .......... .......... 45% 14.0M 6s
 13650K .......... .......... .......... .......... .......... 45% 18.0M 6s
 13700K .......... .......... .......... .......... .......... 45% 1.82M 6s
 13750K .......... .......... .......... .......... .......... 45% 14.1M 5s
 13800K .......... .......... .......... .......... .......... 45% 13.7M 5s
 13850K .......... .......... .......... .......... .......... 46% 17.2M 5s
 13900K .......... .......... .......... .......... .......... 46% 1.33M 5s
 13950K .......... .......... .......... .......... .......... 46% 13.6M 5s
 14000K .......... .......... .......... .......... .......... 46% 12.9M 5s
 14050K .......... .......... .......... .......... .......... 46% 12.6M 5s
 14100K .......... .......... .......... .......... .......... 46% 14.2M 5s
 14150K .......... .......... .......... .......... .......... 47% 1.88M 5s
 14200K .......... .......... .......... .......... .......... 47% 28.4M 5s
 14250K .......... .......... .......... .......... .......... 47% 8.51M 5s
 14300K .......... .......... .......... .......... .......... 47% 12.3M 5s
 14350K .......... .......... .......... .......... .......... 47% 1.37M 5s
 14400K .......... .......... .......... .......... .......... 47% 21.0M 5s
 14450K .......... .......... .......... .......... .......... 48% 16.2M 5s
 14500K .......... .......... .......... .......... .......... 48% 13.0M 5s
 14550K .......... .......... .......... .......... .......... 48% 11.4M 5s
 14600K .......... .......... .......... .......... .......... 48% 1.90M 5s
 14650K .......... .......... .......... .......... .......... 48% 16.1M 5s
 14700K .......... .......... .......... .......... .......... 48% 15.8M 5s
 14750K .......... .......... .......... .......... .......... 48% 9.80M 5s
 14800K .......... .......... .......... .......... .......... 49% 12.6M 5s
 14850K .......... .......... .......... .......... .......... 49% 1.39M 5s
 14900K .......... .......... .......... .......... .......... 49% 15.4M 5s
 14950K .......... .......... .......... .......... .......... 49% 16.7M 5s
 15000K .......... .......... .......... .......... .......... 49% 15.3M 5s
 15050K .......... .......... .......... .......... .......... 49% 14.2M 5s
 15100K .......... .......... .......... .......... .......... 50% 1.89M 5s
 15150K .......... .......... .......... .......... .......... 50% 13.0M 5s
 15200K .......... .......... .......... .......... .......... 50% 14.9M 5s
 15250K .......... .......... .......... .......... .......... 50% 11.9M 5s
 15300K .......... .......... .......... .......... .......... 50% 1.30M 5s
 15350K .......... .......... .......... .......... .......... 50% 17.3M 5s
 15400K .......... .......... .......... .......... .......... 51% 13.2M 5s
 15450K .......... .......... .......... .......... .......... 51% 18.7M 5s
 15500K .......... .......... .......... .......... .......... 51% 21.9M 5s
 15550K .......... .......... .......... .......... .......... 51% 15.6M 5s
 15600K .......... .......... .......... .......... .......... 51% 1.83M 5s
 15650K .......... .......... .......... .......... .......... 51% 24.2M 5s
 15700K .......... .......... .......... .......... .......... 52% 14.2M 5s
 15750K .......... .......... .......... .......... .......... 52% 9.52M 5s
 15800K .......... .......... .......... .......... .......... 52% 1.32M 5s
 15850K .......... .......... .......... .......... .......... 52% 19.1M 4s
 15900K .......... .......... .......... .......... .......... 52% 16.0M 4s
 15950K .......... .......... .......... .......... .......... 52% 15.6M 4s
 16000K .......... .......... .......... .......... .......... 53% 8.65M 4s
 16050K .......... .......... .......... .......... .......... 53% 1.98M 4s
 16100K .......... .......... .......... .......... .......... 53% 26.2M 4s
 16150K .......... .......... .......... .......... .......... 53% 22.6M 4s
 16200K .......... .......... .......... .......... .......... 53% 11.3M 4s
 16250K .......... .......... .......... .......... .......... 53% 1.36M 4s
 16300K .......... .......... .......... .......... .......... 54% 9.93M 4s
 16350K .......... .......... .......... .......... .......... 54% 9.75M 4s
 16400K .......... .......... .......... .......... .......... 54% 20.0M 4s
 16450K .......... .......... .......... .......... .......... 54% 15.4M 4s
 16500K .......... .......... .......... .......... .......... 54% 10.0M 4s
 16550K .......... .......... .......... .......... .......... 54% 2.09M 4s
 16600K .......... .......... .......... .......... .......... 55% 27.5M 4s
 16650K .......... .......... .......... .......... .......... 55% 17.0M 4s
 16700K .......... .......... .......... .......... .......... 55% 10.9M 4s
 16750K .......... .......... .......... .......... .......... 55% 1.39M 4s
 16800K .......... .......... .......... .......... .......... 55% 9.29M 4s
 16850K .......... .......... .......... .......... .......... 55% 10.2M 4s
 16900K .......... .......... .......... .......... .......... 56% 11.0M 4s
 16950K .......... .......... .......... .......... .......... 56% 10.8M 4s
 17000K .......... .......... .......... .......... .......... 56% 16.3M 4s
 17050K .......... .......... .......... .......... .......... 56% 2.21M 4s
 17100K .......... .......... .......... .......... .......... 56% 19.3M 4s
 17150K .......... .......... .......... .......... .......... 56% 20.8M 4s
 17200K .......... .......... .......... .......... .......... 57% 10.9M 4s
 17250K .......... .......... .......... .......... .......... 57% 1.37M 4s
 17300K .......... .......... .......... .......... .......... 57% 12.7M 4s
 17350K .......... .......... .......... .......... .......... 57% 9.94M 4s
 17400K .......... .......... .......... .......... .......... 57% 7.45M 4s
 17450K .......... .......... .......... .......... .......... 57% 12.7M 4s
 17500K .......... .......... .......... .......... .......... 58% 19.5M 4s
 17550K .......... .......... .......... .......... .......... 58% 2.34M 4s
 17600K .......... .......... .......... .......... .......... 58% 17.7M 4s
 17650K .......... .......... .......... .......... .......... 58% 16.4M 4s
 17700K .......... .......... .......... .......... .......... 58% 12.3M 4s
 17750K .......... .......... .......... .......... .......... 58% 1.34M 4s
 17800K .......... .......... .......... .......... .......... 59% 11.8M 4s
 17850K .......... .......... .......... .......... .......... 59% 10.9M 4s
 17900K .......... .......... .......... .......... .......... 59% 8.46M 4s
 17950K .......... .......... .......... .......... .......... 59% 10.3M 4s
 18000K .......... .......... .......... .......... .......... 59% 2.52M 4s
 18050K .......... .......... .......... .......... .......... 59% 14.3M 4s
 18100K .......... .......... .......... .......... .......... 60% 16.2M 4s
 18150K .......... .......... .......... .......... .......... 60% 18.4M 4s
 18200K .......... .......... .......... .......... .......... 60% 13.4M 4s
 18250K .......... .......... .......... .......... .......... 60% 1.35M 4s
 18300K .......... .......... .......... .......... .......... 60% 11.4M 4s
 18350K .......... .......... .......... .......... .......... 60% 11.2M 3s
 18400K .......... .......... .......... .......... .......... 61% 7.89M 3s
 18450K .......... .......... .......... .......... .......... 61% 9.91M 3s
 18500K .......... .......... .......... .......... .......... 61% 2.38M 3s
 18550K .......... .......... .......... .......... .......... 61% 17.8M 3s
 18600K .......... .......... .......... .......... .......... 61% 13.1M 3s
 18650K .......... .......... .......... .......... .......... 61% 16.8M 3s
 18700K .......... .......... .......... .......... .......... 62% 13.0M 3s
 18750K .......... .......... .......... .......... .......... 62% 1.45M 3s
 18800K .......... .......... .......... .......... .......... 62% 9.42M 3s
 18850K .......... .......... .......... .......... .......... 62% 9.76M 3s
 18900K .......... .......... .......... .......... .......... 62% 9.56M 3s
 18950K .......... .......... .......... .......... .......... 62% 8.99M 3s
 19000K .......... .......... .......... .......... .......... 63% 2.37M 3s
 19050K .......... .......... .......... .......... .......... 63% 25.2M 3s
 19100K .......... .......... .......... .......... .......... 63% 13.9M 3s
 19150K .......... .......... .......... .......... .......... 63% 9.05M 3s
 19200K .......... .......... .......... .......... .......... 63% 12.9M 3s
 19250K .......... .......... .......... .......... .......... 63% 1.58M 3s
 19300K .......... .......... .......... .......... .......... 64% 8.75M 3s
 19350K .......... .......... .......... .......... .......... 64% 9.78M 3s
 19400K .......... .......... .......... .......... .......... 64% 9.51M 3s
 19450K .......... .......... .......... .......... .......... 64% 8.96M 3s
 19500K .......... .......... .......... .......... .......... 64% 2.40M 3s
 19550K .......... .......... .......... .......... .......... 64% 15.1M 3s
 19600K .......... .......... .......... .......... .......... 65% 13.1M 3s
 19650K .......... .......... .......... .......... .......... 65% 13.1M 3s
 19700K .......... .......... .......... .......... .......... 65% 9.27M 3s
 19750K .......... .......... .......... .......... .......... 65% 1.63M 3s
 19800K .......... .......... .......... .......... .......... 65% 9.09M 3s
 19850K .......... .......... .......... .......... .......... 65% 9.90M 3s
 19900K .......... .......... .......... .......... .......... 66% 10.2M 3s
 19950K .......... .......... .......... .......... .......... 66% 8.98M 3s
 20000K .......... .......... .......... .......... .......... 66% 2.30M 3s
 20050K .......... .......... .......... .......... .......... 66% 22.1M 3s
 20100K .......... .......... .......... .......... .......... 66% 10.0M 3s
 20150K .......... .......... .......... .......... .......... 66% 11.5M 3s
 20200K .......... .......... .......... .......... .......... 67% 8.73M 3s
 20250K .......... .......... .......... .......... .......... 67% 1.70M 3s
 20300K .......... .......... .......... .......... .......... 67% 9.31M 3s
 20350K .......... .......... .......... .......... .......... 67% 11.7M 3s
 20400K .......... .......... .......... .......... .......... 67% 8.86M 3s
 20450K .......... .......... .......... .......... .......... 67% 9.32M 3s
 20500K .......... .......... .......... .......... .......... 68% 11.3M 3s
 20550K .......... .......... .......... .......... .......... 68% 2.38M 3s
 20600K .......... .......... .......... .......... .......... 68% 12.2M 3s
 20650K .......... .......... .......... .......... .......... 68% 8.41M 3s
 20700K .......... .......... .......... .......... .......... 68% 8.04M 3s
 20750K .......... .......... .......... .......... .......... 68% 1.82M 3s
 20800K .......... .......... .......... .......... .......... 69% 10.6M 3s
 20850K .......... .......... .......... .......... .......... 69% 12.9M 3s
 20900K .......... .......... .......... .......... .......... 69% 8.62M 3s
 20950K .......... .......... .......... .......... .......... 69% 8.87M 3s
 21000K .......... .......... .......... .......... .......... 69% 11.2M 3s
 21050K .......... .......... .......... .......... .......... 69% 2.09M 3s
 21100K .......... .......... .......... .......... .......... 70% 13.4M 3s
 21150K .......... .......... .......... .......... .......... 70% 12.2M 3s
 21200K .......... .......... .......... .......... .......... 70% 9.67M 2s
 21250K .......... .......... .......... .......... .......... 70% 1.78M 2s
 21300K .......... .......... .......... .......... .......... 70% 9.48M 2s
 21350K .......... .......... .......... .......... .......... 70% 11.1M 2s
 21400K .......... .......... .......... .......... .......... 71% 13.4M 2s
 21450K .......... .......... .......... .......... .......... 71% 11.6M 2s
 21500K .......... .......... .......... .......... .......... 71% 8.27M 2s
 21550K .......... .......... .......... .......... .......... 71% 2.01M 2s
 21600K .......... .......... .......... .......... .......... 71% 12.2M 2s
 21650K .......... .......... .......... .......... .......... 71% 13.7M 2s
 21700K .......... .......... .......... .......... .......... 72% 8.74M 2s
 21750K .......... .......... .......... .......... .......... 72% 1.91M 2s
 21800K .......... .......... .......... .......... .......... 72% 9.57M 2s
 21850K .......... .......... .......... .......... .......... 72% 8.26M 2s
 21900K .......... .......... .......... .......... .......... 72% 20.9M 2s
 21950K .......... .......... .......... .......... .......... 72% 12.2M 2s
 22000K .......... .......... .......... .......... .......... 72% 8.22M 2s
 22050K .......... .......... .......... .......... .......... 73% 1.97M 2s
 22100K .......... .......... .......... .......... .......... 73% 10.4M 2s
 22150K .......... .......... .......... .......... .......... 73% 11.9M 2s
 22200K .......... .......... .......... .......... .......... 73% 10.9M 2s
 22250K .......... .......... .......... .......... .......... 73% 8.21M 2s
 22300K .......... .......... .......... .......... .......... 73% 2.06M 2s
 22350K .......... .......... .......... .......... .......... 74% 8.54M 2s
 22400K .......... .......... .......... .......... .......... 74% 13.9M 2s
 22450K .......... .......... .......... .......... .......... 74% 9.90M 2s
 22500K .......... .......... .......... .......... .......... 74% 13.2M 2s
 22550K .......... .......... .......... .......... .......... 74% 1.92M 2s
 22600K .......... .......... .......... .......... .......... 74% 13.3M 2s
 22650K .......... .......... .......... .......... .......... 75% 9.31M 2s
 22700K .......... .......... .......... .......... .......... 75% 12.4M 2s
 22750K .......... .......... .......... .......... .......... 75% 6.67M 2s
 22800K .......... .......... .......... .......... .......... 75% 2.11M 2s
 22850K .......... .......... .......... .......... .......... 75% 6.29M 2s
 22900K .......... .......... .......... .......... .......... 75% 9.46M 2s
 22950K .......... .......... .......... .......... .......... 76%  239K 2s
 23000K .......... .......... .......... .......... .......... 76% 65.6M 2s
 23050K .......... .......... .......... .......... .......... 76% 81.8M 2s
 23100K .......... .......... .......... .......... .......... 76%  568K 2s
 23150K .......... .......... .......... .......... .......... 76%  594K 2s
 23200K .......... .......... .......... .......... .......... 76% 10.8M 2s
 23250K .......... .......... .......... .......... .......... 77%  600K 2s
 23300K .......... .......... .......... .......... .......... 77% 11.1M 2s
 23350K .......... .......... .......... .......... .......... 77% 25.3M 2s
 23400K .......... .......... .......... .......... .......... 77%  617K 2s
 23450K .......... .......... .......... .......... .......... 77% 11.8M 2s
 23500K .......... .......... .......... .......... .......... 77% 24.9M 2s
 23550K .......... .......... .......... .......... .......... 78% 23.9M 2s
 23600K .......... .......... .......... .......... .......... 78%  618K 2s
 23650K .......... .......... .......... .......... .......... 78% 16.6M 2s
 23700K .......... .......... .......... .......... .......... 78% 28.0M 2s
 23750K .......... .......... .......... .......... .......... 78% 27.7M 2s
 23800K .......... .......... .......... .......... .......... 78% 29.9M 2s
 23850K .......... .......... .......... .......... .......... 79% 30.0M 2s
 23900K .......... .......... .......... .......... .......... 79% 28.2M 2s
 23950K .......... .......... .......... .......... .......... 79%  649K 2s
 24000K .......... .......... .......... .......... .......... 79% 15.2M 2s
 24050K .......... .......... .......... .......... .......... 79% 26.6M 2s
 24100K .......... .......... .......... .......... .......... 79% 21.0M 2s
 24150K .......... .......... .......... .......... .......... 80% 16.9M 2s
 24200K .......... .......... .......... .......... .......... 80% 24.3M 2s
 24250K .......... .......... .......... .......... .......... 80% 29.3M 2s
 24300K .......... .......... .......... .......... .......... 80%  800K 2s
 24350K .......... .......... .......... .......... .......... 80% 3.82M 2s
 24400K .......... .......... .......... .......... .......... 80% 18.7M 2s
 24450K .......... .......... .......... .......... .......... 81% 23.4M 2s
 24500K .......... .......... .......... .......... .......... 81% 16.2M 2s
 24550K .......... .......... .......... .......... .......... 81% 21.3M 2s
 24600K .......... .......... .......... .......... .......... 81% 18.2M 2s
 24650K .......... .......... .......... .......... .......... 81% 29.3M 2s
 24700K .......... .......... .......... .......... .......... 81%  676K 2s
 24750K .......... .......... .......... .......... .......... 82% 27.5M 2s
 24800K .......... .......... .......... .......... .......... 82% 27.7M 2s
 24850K .......... .......... .......... .......... .......... 82% 27.5M 2s
 24900K .......... .......... .......... .......... .......... 82% 19.6M 2s
 24950K .......... .......... .......... .......... .......... 82% 16.5M 1s
 25000K .......... .......... .......... .......... .......... 82% 19.3M 1s
 25050K .......... .......... .......... .......... .......... 83%  829K 1s
 25100K .......... .......... .......... .......... .......... 83% 1.85M 1s
 25150K .......... .......... .......... .......... .......... 83% 70.6M 1s
 25200K .......... .......... .......... .......... .......... 83% 84.4M 1s
 25250K .......... .......... .......... .......... .......... 83% 81.6M 1s
 25300K .......... .......... .......... .......... .......... 83% 81.5M 1s
 25350K .......... .......... .......... .......... .......... 84% 70.8M 1s
 25400K .......... .......... .......... .......... .......... 84% 79.2M 1s
 25450K .......... .......... .......... .......... .......... 84%  695K 1s
 25500K .......... .......... .......... .......... .......... 84% 17.3M 1s
 25550K .......... .......... .......... .......... .......... 84% 27.4M 1s
 25600K .......... .......... .......... .......... .......... 84% 27.4M 1s
 25650K .......... .......... .......... .......... .......... 85% 27.8M 1s
 25700K .......... .......... .......... .......... .......... 85% 26.5M 1s
 25750K .......... .......... .......... .......... .......... 85% 22.6M 1s
 25800K .......... .......... .......... .......... .......... 85%  930K 1s
 25850K .......... .......... .......... .......... .......... 85% 2.15M 1s
 25900K .......... .......... .......... .......... .......... 85% 17.2M 1s
 25950K .......... .......... .......... .......... .......... 86% 16.8M 1s
 26000K .......... .......... .......... .......... .......... 86% 28.6M 1s
 26050K .......... .......... .......... .......... .......... 86% 26.0M 1s
 26100K .......... .......... .......... .......... .......... 86% 28.0M 1s
 26150K .......... .......... .......... .......... .......... 86% 13.2M 1s
 26200K .......... .......... .......... .......... .......... 86%  696K 1s
 26250K .......... .......... .......... .......... .......... 87% 21.3M 1s
 26300K .......... .......... .......... .......... .......... 87% 21.5M 1s
 26350K .......... .......... .......... .......... .......... 87% 16.6M 1s
 26400K .......... .......... .......... .......... .......... 87% 21.5M 1s
 26450K .......... .......... .......... .......... .......... 87% 23.3M 1s
 26500K .......... .......... .......... .......... .......... 87% 23.6M 1s
 26550K .......... .......... .......... .......... .......... 88% 12.6M 1s
 26600K .......... .......... .......... .......... .......... 88%  703K 1s
 26650K .......... .......... .......... .......... .......... 88% 20.3M 1s
 26700K .......... .......... .......... .......... .......... 88% 12.8M 1s
 26750K .......... .......... .......... .......... .......... 88% 15.4M 1s
 26800K .......... .......... .......... .......... .......... 88% 29.1M 1s
 26850K .......... .......... .......... .......... .......... 89% 25.6M 1s
 26900K .......... .......... .......... .......... .......... 89% 15.8M 1s
 26950K .......... .......... .......... .......... .......... 89% 1.41M 1s
 27000K .......... .......... .......... .......... .......... 89% 1.24M 1s
 27050K .......... .......... .......... .......... .......... 89% 16.4M 1s
 27100K .......... .......... .......... .......... .......... 89%  239K 1s
 27150K .......... .......... .......... .......... .......... 90% 25.0M 1s
 27200K .......... .......... .......... .......... .......... 90% 68.3M 1s
 27250K .......... .......... .......... .......... .......... 90%  589K 1s
 27300K .......... .......... .......... .......... .......... 90% 14.2M 1s
 27350K .......... .......... .......... .......... .......... 90%  578K 1s
 27400K .......... .......... .......... .......... .......... 90% 24.5M 1s
 27450K .......... .......... .......... .......... .......... 91% 25.4M 1s
 27500K .......... .......... .......... .......... .......... 91% 27.0M 1s
 27550K .......... .......... .......... .......... .......... 91%  605K 1s
 27600K .......... .......... .......... .......... .......... 91% 29.5M 1s
 27650K .......... .......... .......... .......... .......... 91% 28.0M 1s
 27700K .......... .......... .......... .......... .......... 91% 27.8M 1s
 27750K .......... .......... .......... .......... .......... 92% 28.6M 1s
 27800K .......... .......... .......... .......... .......... 92%  695K 1s
 27850K .......... .......... .......... .......... .......... 92% 4.51M 1s
 27900K .......... .......... .......... .......... .......... 92% 15.6M 1s
 27950K .......... .......... .......... .......... .......... 92% 19.4M 1s
 28000K .......... .......... .......... .......... .......... 92% 29.0M 1s
 28050K .......... .......... .......... .......... .......... 93% 21.0M 1s
 28100K .......... .......... .......... .......... .......... 93%  645K 1s
 28150K .......... .......... .......... .......... .......... 93% 12.3M 1s
 28200K .......... .......... .......... .......... .......... 93%  237K 1s
 28250K .......... .......... .......... .......... .......... 93%  504K 1s
 28300K .......... .......... .......... .......... .......... 93%  576K 1s
 28350K .......... .......... .......... .......... .......... 94% 38.0M 1s
 28400K .......... .......... .......... .......... .......... 94% 1.81M 1s
 28450K .......... .......... .......... .......... .......... 94%  822K 1s
 28500K .......... .......... .......... .......... .......... 94% 1.82M 1s
 28550K .......... .......... .......... .......... .......... 94%  837K 1s
 28600K .......... .......... .......... .......... .......... 94% 1.85M 0s
 28650K .......... .......... .......... .......... .......... 95% 1009K 0s
 28700K .......... .......... .......... .......... .......... 95% 3.76M 0s
 28750K .......... .......... .......... .......... .......... 95% 28.8M 0s
 28800K .......... .......... .......... .......... .......... 95% 2.10M 0s
 28850K .......... .......... .......... .......... .......... 95% 1010K 0s
 28900K .......... .......... .......... .......... .......... 95% 3.58M 0s
 28950K .......... .......... .......... .......... .......... 96% 17.8M 0s
 29000K .......... .......... .......... .......... .......... 96% 2.18M 0s
 29050K .......... .......... .......... .......... .......... 96% 1.01M 0s
 29100K .......... .......... .......... .......... .......... 96% 3.72M 0s
 29150K .......... .......... .......... .......... .......... 96% 14.7M 0s
 29200K .......... .......... .......... .......... .......... 96% 2.15M 0s
 29250K .......... .......... .......... .......... .......... 96% 1.03M 0s
 29300K .......... .......... .......... .......... .......... 97% 3.56M 0s
 29350K .......... .......... .......... .......... .......... 97% 14.0M 0s
 29400K .......... .......... .......... .......... .......... 97% 25.2M 0s
 29450K .......... .......... .......... .......... .......... 97%  701K 0s
 29500K .......... .......... .......... .......... .......... 97% 4.65M 0s
 29550K .......... .......... .......... .......... .......... 97% 14.4M 0s
 29600K .......... .......... .......... .......... .......... 98% 18.2M 0s
 29650K .......... .......... .......... .......... .......... 98% 2.08M 0s
 29700K .......... .......... .......... .......... .......... 98%  872K 0s
 29750K .......... .......... .......... .......... .......... 98% 12.8M 0s
 29800K .......... .......... .......... .......... .......... 98% 15.7M 0s
 29850K .......... .......... .......... .......... .......... 98% 2.07M 0s
 29900K .......... .......... .......... .......... .......... 99%  893K 0s
 29950K .......... .......... .......... .......... .......... 99% 11.1M 0s
 30000K .......... .......... .......... .......... .......... 99% 20.8M 0s
 30050K .......... .......... .......... .......... .......... 99% 2.10M 0s
 30100K .......... .......... .......... .......... .......... 99%  984K 0s
 30150K .......... .......... .......... .......... .......... 99% 4.87M 0s
 30200K ........                                              100% 33.7M=9.6s

2025-03-25 13:32:32 (3.07 MB/s) - ‘/shared/projects/microc_pilot/images/samtools.1.11.sif’ saved [30932992/30932992]

total 53184
-rw-r--r--+ 1 ccarmignoto99 ccarmignoto99 25366528 Jul 17  2024 bwa_0.7.18.sif
-rw-rw----+ 1 ccarmignoto99 ccarmignoto99   279603 Mar 27  2016 sample.jpg
-rw-rw----+ 1 ccarmignoto99 ccarmignoto99 30932992 Oct  6  2020 samtools.1.11.sif
total 53184
-rw-r--r--+ 1 ccarmignoto99 ccarmignoto99 25366528 Jul 17  2024 bwa_0.7.18.sif
-rw-rw----+ 1 ccarmignoto99 ccarmignoto99   279603 Mar 27  2016 sample.jpg
-rw-r--r--+ 1 ccarmignoto99 ccarmignoto99 30932992 Oct  6  2020 samtools.1.11.sif
Checking BWA...

Program: bwa (alignment via Burrows-Wheeler transformation)
Version: 0.7.18-r1243-dirty
Contact: Heng Li <hli@ds.dfci.harvard.edu>

Usage:   bwa <command> [options]

Command: index         index sequences in the FASTA format
         mem           BWA-MEM algorithm
         fastmap       identify super-maximal exact matches
         pemerge       merge overlapping paired ends (EXPERIMENTAL)
         aln           gapped/ungapped alignment
         samse         generate alignment (single ended)
         sampe         generate alignment (paired ended)
         bwasw         BWA-SW for long queries (DEPRECATED)

         shm           manage indices in shared memory
         fa2pac        convert FASTA to PAC format
         pac2bwt       generate BWT from PAC
         pac2bwtgen    alternative algorithm for generating BWT
         bwtupdate     update .bwt to the new format
         bwt2sa        generate SA from BWT and Occ

Note: To use BWA, you need to first index the genome with `bwa index'.
      There are three alignment algorithms in BWA: `mem', `bwasw', and
      `aln/samse/sampe'. If you are not sure which to use, try `bwa mem'
      first. Please `man ./bwa.1' for the manual.

