=== Starting BWA Indexing Job ===
Setting up paths and directories...
Path to genomes table: /shared/projects/microc_pilot/genomes/genomesTable.txt
BWA Index Directory: /shared/projects/microc_pilot/genomes/bwaIndex/__genome__
Singularity Image Directory: /shared/projects/microc_pilot/images
Loading Singularity module...
Singularity is loaded.
Downloading Singularity images if not already available...
--2025-03-25 12:01:48--  http://datacache.galaxyproject.org/singularity/all/bwa:0.7.18--he4a0461_1
Resolving datacache.galaxyproject.org (datacache.galaxyproject.org)... 128.118.250.24
Connecting to datacache.galaxyproject.org (datacache.galaxyproject.org)|128.118.250.24|:80... connected.
HTTP request sent, awaiting response... 200 OK
Length: 25366528 (24M) [application/octet-stream]
Saving to: ‘/shared/projects/microc_pilot/images/bwa_0.7.18.sif’

     0K .......... .......... .......... .......... ..........  0%  284K 87s
    50K .......... .......... .......... .......... ..........  0%  583K 65s
   100K .......... .......... .......... .......... ..........  0% 12.1M 44s
   150K .......... .......... .......... .......... ..........  0% 28.7M 33s
   200K .......... .......... .......... .......... ..........  1%  592K 35s
   250K .......... .......... .......... .......... ..........  1% 23.5M 29s
   300K .......... .......... .......... .......... ..........  1% 24.7M 25s
   350K .......... .......... .......... .......... ..........  1% 28.0M 22s
   400K .......... .......... .......... .......... ..........  1%  627K 24s
   450K .......... .......... .......... .......... ..........  2% 23.5M 21s
   500K .......... .......... .......... .......... ..........  2% 27.7M 19s
   550K .......... .......... .......... .......... ..........  2% 29.2M 18s
   600K .......... .......... .......... .......... ..........  2% 26.7M 17s
   650K .......... .......... .......... .......... ..........  2% 23.0M 15s
   700K .......... .......... .......... .......... ..........  3% 26.1M 14s
   750K .......... .......... .......... .......... ..........  3% 30.0M 14s
   800K .......... .......... .......... .......... ..........  3% 28.9M 13s
   850K .......... .......... .......... .......... ..........  3%  682K 14s
   900K .......... .......... .......... .......... ..........  3% 25.2M 13s
   950K .......... .......... .......... .......... ..........  4% 29.8M 13s
  1000K .......... .......... .......... .......... ..........  4% 28.8M 12s
  1050K .......... .......... .......... .......... ..........  4% 26.9M 11s
  1100K .......... .......... .......... .......... ..........  4% 28.1M 11s
  1150K .......... .......... .......... .......... ..........  4% 29.2M 11s
  1200K .......... .......... .......... .......... ..........  5% 28.9M 10s
  1250K .......... .......... .......... .......... ..........  5% 30.1M 10s
  1300K .......... .......... .......... .......... ..........  5% 30.4M 9s
  1350K .......... .......... .......... .......... ..........  5% 27.5M 9s
  1400K .......... .......... .......... .......... ..........  5% 25.1M 9s
  1450K .......... .......... .......... .......... ..........  6% 28.4M 8s
  1500K .......... .......... .......... .......... ..........  6% 29.5M 8s
  1550K .......... .......... .......... .......... ..........  6% 30.9M 8s
  1600K .......... .......... .......... .......... ..........  6% 29.3M 8s
  1650K .......... .......... .......... .......... ..........  6% 31.6M 8s
  1700K .......... .......... .......... .......... ..........  7% 31.4M 7s
  1750K .......... .......... .......... .......... ..........  7%  858K 8s
  1800K .......... .......... .......... .......... ..........  7% 19.6M 8s
  1850K .......... .......... .......... .......... ..........  7% 26.3M 7s
  1900K .......... .......... .......... .......... ..........  7% 28.2M 7s
  1950K .......... .......... .......... .......... ..........  8% 29.1M 7s
  2000K .......... .......... .......... .......... ..........  8% 29.9M 7s
  2050K .......... .......... .......... .......... ..........  8% 29.8M 7s
  2100K .......... .......... .......... .......... ..........  8% 29.7M 7s
  2150K .......... .......... .......... .......... ..........  8% 27.1M 6s
  2200K .......... .......... .......... .......... ..........  9% 27.4M 6s
  2250K .......... .......... .......... .......... ..........  9% 27.5M 6s
  2300K .......... .......... .......... .......... ..........  9% 28.1M 6s
  2350K .......... .......... .......... .......... ..........  9% 28.8M 6s
  2400K .......... .......... .......... .......... ..........  9% 30.1M 6s
  2450K .......... .......... .......... .......... .......... 10% 28.4M 6s
  2500K .......... .......... .......... .......... .......... 10% 29.7M 6s
  2550K .......... .......... .......... .......... .......... 10% 30.7M 5s
  2600K .......... .......... .......... .......... .......... 10% 29.8M 5s
  2650K .......... .......... .......... .......... .......... 10% 30.1M 5s
  2700K .......... .......... .......... .......... .......... 11% 29.0M 5s
  2750K .......... .......... .......... .......... .......... 11% 26.0M 5s
  2800K .......... .......... .......... .......... .......... 11% 22.5M 5s
  2850K .......... .......... .......... .......... .......... 11% 72.5M 5s
  2900K .......... .......... .......... .......... .......... 11% 86.9M 5s
  2950K .......... .......... .......... .......... .......... 12% 81.3M 5s
  3000K .......... .......... .......... .......... .......... 12% 78.5M 5s
  3050K .......... .......... .......... .......... .......... 12% 67.8M 5s
  3100K .......... .......... .......... .......... .......... 12% 86.1M 4s
  3150K .......... .......... .......... .......... .......... 12% 87.4M 4s
  3200K .......... .......... .......... .......... .......... 13% 95.2M 4s
  3250K .......... .......... .......... .......... .......... 13% 82.7M 4s
  3300K .......... .......... .......... .......... .......... 13% 1.06M 4s
  3350K .......... .......... .......... .......... .......... 13% 16.2M 4s
  3400K .......... .......... .......... .......... .......... 13% 17.2M 4s
  3450K .......... .......... .......... .......... .......... 14% 19.6M 4s
  3500K .......... .......... .......... .......... .......... 14% 14.7M 4s
  3550K .......... .......... .......... .......... .......... 14% 16.8M 4s
  3600K .......... .......... .......... .......... .......... 14% 35.9M 4s
  3650K .......... .......... .......... .......... .......... 14% 22.9M 4s
  3700K .......... .......... .......... .......... .......... 15% 46.3M 4s
  3750K .......... .......... .......... .......... .......... 15% 20.9M 4s
  3800K .......... .......... .......... .......... .......... 15% 16.6M 4s
  3850K .......... .......... .......... .......... .......... 15% 10.9M 4s
  3900K .......... .......... .......... .......... .......... 15% 15.5M 4s
  3950K .......... .......... .......... .......... .......... 16% 27.6M 4s
  4000K .......... .......... .......... .......... .......... 16% 32.9M 4s
  4050K .......... .......... .......... .......... .......... 16% 49.6M 4s
  4100K .......... .......... .......... .......... .......... 16% 43.3M 4s
  4150K .......... .......... .......... .......... .......... 16% 48.9M 4s
  4200K .......... .......... .......... .......... .......... 17% 49.5M 4s
  4250K .......... .......... .......... .......... .......... 17% 47.7M 4s
  4300K .......... .......... .......... .......... .......... 17% 42.6M 3s
  4350K .......... .......... .......... .......... .......... 17% 48.1M 3s
  4400K .......... .......... .......... .......... .......... 17% 48.6M 3s
  4450K .......... .......... .......... .......... .......... 18% 47.2M 3s
  4500K .......... .......... .......... .......... .......... 18% 42.4M 3s
  4550K .......... .......... .......... .......... .......... 18% 49.6M 3s
  4600K .......... .......... .......... .......... .......... 18% 47.8M 3s
  4650K .......... .......... .......... .......... .......... 18% 81.1M 3s
  4700K .......... .......... .......... .......... .......... 19% 74.3M 3s
  4750K .......... .......... .......... .......... .......... 19% 88.9M 3s
  4800K .......... .......... .......... .......... .......... 19% 94.2M 3s
  4850K .......... .......... .......... .......... .......... 19% 95.8M 3s
  4900K .......... .......... .......... .......... .......... 19% 83.9M 3s
  4950K .......... .......... .......... .......... .......... 20% 1.41M 3s
  5000K .......... .......... .......... .......... .......... 20% 16.2M 3s
  5050K .......... .......... .......... .......... .......... 20% 43.7M 3s
  5100K .......... .......... .......... .......... .......... 20% 59.6M 3s
  5150K .......... .......... .......... .......... .......... 20% 57.6M 3s
  5200K .......... .......... .......... .......... .......... 21% 51.8M 3s
  5250K .......... .......... .......... .......... .......... 21% 60.6M 3s
  5300K .......... .......... .......... .......... .......... 21% 60.0M 3s
  5350K .......... .......... .......... .......... .......... 21% 59.5M 3s
  5400K .......... .......... .......... .......... .......... 22% 51.8M 3s
  5450K .......... .......... .......... .......... .......... 22% 57.9M 3s
  5500K .......... .......... .......... .......... .......... 22% 31.3M 3s
  5550K .......... .......... .......... .......... .......... 22% 59.3M 3s
  5600K .......... .......... .......... .......... .......... 22% 65.4M 3s
  5650K .......... .......... .......... .......... .......... 23% 60.5M 3s
  5700K .......... .......... .......... .......... .......... 23% 37.1M 3s
  5750K .......... .......... .......... .......... .......... 23% 80.3M 3s
  5800K .......... .......... .......... .......... .......... 23% 80.4M 3s
  5850K .......... .......... .......... .......... .......... 23% 65.3M 3s
  5900K .......... .......... .......... .......... .......... 24% 81.9M 3s
  5950K .......... .......... .......... .......... .......... 24% 85.0M 3s
  6000K .......... .......... .......... .......... .......... 24% 50.7M 2s
  6050K .......... .......... .......... .......... .......... 24% 74.2M 2s
  6100K .......... .......... .......... .......... .......... 24% 65.9M 2s
  6150K .......... .......... .......... .......... .......... 25% 72.0M 2s
  6200K .......... .......... .......... .......... .......... 25% 20.3M 2s
  6250K .......... .......... .......... .......... .......... 25% 14.5M 2s
  6300K .......... .......... .......... .......... .......... 25% 10.7M 2s
  6350K .......... .......... .......... .......... .......... 25% 28.3M 2s
  6400K .......... .......... .......... .......... .......... 26% 42.7M 2s
  6450K .......... .......... .......... .......... .......... 26% 29.8M 2s
  6500K .......... .......... .......... .......... .......... 26% 44.3M 2s
  6550K .......... .......... .......... .......... .......... 26% 57.4M 2s
  6600K .......... .......... .......... .......... .......... 26% 56.9M 2s
  6650K .......... .......... .......... .......... .......... 27% 56.6M 2s
  6700K .......... .......... .......... .......... .......... 27% 48.8M 2s
  6750K .......... .......... .......... .......... .......... 27% 56.6M 2s
  6800K .......... .......... .......... .......... .......... 27% 56.6M 2s
  6850K .......... .......... .......... .......... .......... 27% 55.9M 2s
  6900K .......... .......... .......... .......... .......... 28% 49.8M 2s
  6950K .......... .......... .......... .......... .......... 28% 66.1M 2s
  7000K .......... .......... .......... .......... .......... 28% 82.8M 2s
  7050K .......... .......... .......... .......... .......... 28% 81.3M 2s
  7100K .......... .......... .......... .......... .......... 28% 73.0M 2s
  7150K .......... .......... .......... .......... .......... 29% 79.0M 2s
  7200K .......... .......... .......... .......... .......... 29% 85.7M 2s
  7250K .......... .......... .......... .......... .......... 29% 78.8M 2s
  7300K .......... .......... .......... .......... .......... 29% 64.5M 2s
  7350K .......... .......... .......... .......... .......... 29% 80.2M 2s
  7400K .......... .......... .......... .......... .......... 30% 90.3M 2s
  7450K .......... .......... .......... .......... .......... 30% 1.36M 2s
  7500K .......... .......... .......... .......... .......... 30% 16.4M 2s
  7550K .......... .......... .......... .......... .......... 30% 41.7M 2s
  7600K .......... .......... .......... .......... .......... 30% 48.6M 2s
  7650K .......... .......... .......... .......... .......... 31% 47.0M 2s
  7700K .......... .......... .......... .......... .......... 31% 49.5M 2s
  7750K .......... .......... .......... .......... .......... 31% 42.5M 2s
  7800K .......... .......... .......... .......... .......... 31% 49.0M 2s
  7850K .......... .......... .......... .......... .......... 31% 46.4M 2s
  7900K .......... .......... .......... .......... .......... 32% 49.4M 2s
  7950K .......... .......... .......... .......... .......... 32% 43.4M 2s
  8000K .......... .......... .......... .......... .......... 32% 49.1M 2s
  8050K .......... .......... .......... .......... .......... 32% 57.4M 2s
  8100K .......... .......... .......... .......... .......... 32% 81.9M 2s
  8150K .......... .......... .......... .......... .......... 33% 72.3M 2s
  8200K .......... .......... .......... .......... .......... 33% 79.9M 2s
  8250K .......... .......... .......... .......... .......... 33% 81.3M 2s
  8300K .......... .......... .......... .......... .......... 33% 81.4M 2s
  8350K .......... .......... .......... .......... .......... 33% 73.6M 2s
  8400K .......... .......... .......... .......... .......... 34%  294K 2s
  8450K .......... .......... .......... .......... .......... 34% 60.6M 2s
  8500K .......... .......... .......... .......... .......... 34% 59.8M 2s
  8550K .......... .......... .......... .......... .......... 34% 56.7M 2s
  8600K .......... .......... .......... .......... .......... 34% 52.5M 2s
  8650K .......... .......... .......... .......... .......... 35% 59.9M 2s
  8700K .......... .......... .......... .......... .......... 35% 60.0M 2s
  8750K .......... .......... .......... .......... .......... 35% 60.7M 2s
  8800K .......... .......... .......... .......... .......... 35% 50.3M 2s
  8850K .......... .......... .......... .......... .......... 35% 63.0M 2s
  8900K .......... .......... .......... .......... .......... 36%  104K 3s
  8950K .......... .......... .......... .......... .......... 36%  191K 3s
  9000K .......... .......... .......... .......... .......... 36%  568K 3s
  9050K .......... .......... .......... .......... .......... 36%  575K 3s
  9100K .......... .......... .......... .......... .......... 36% 30.1M 3s
  9150K .......... .......... .......... .......... .......... 37%  578K 4s
  9200K .......... .......... .......... .......... .......... 37% 34.6M 3s
  9250K .......... .......... .......... .......... .......... 37%  585K 4s
  9300K .......... .......... .......... .......... .......... 37% 30.3M 4s
  9350K .......... .......... .......... .......... .......... 37% 36.0M 4s
  9400K .......... .......... .......... .......... .......... 38%  502K 4s
  9450K .......... .......... .......... .......... .......... 38% 18.9M 4s
  9500K .......... .......... .......... .......... .......... 38% 3.10M 4s
  9550K .......... .......... .......... .......... .......... 38% 10.7M 4s
  9600K .......... .......... .......... .......... .......... 38% 35.0M 4s
  9650K .......... .......... .......... .......... .......... 39%  783K 4s
  9700K .......... .......... .......... .......... .......... 39% 25.3M 4s
  9750K .......... .......... .......... .......... .......... 39% 3.25M 4s
  9800K .......... .......... .......... .......... .......... 39% 11.9M 4s
  9850K .......... .......... .......... .......... .......... 39% 36.0M 4s
  9900K .......... .......... .......... .......... .......... 40% 34.8M 4s
  9950K .......... .......... .......... .......... .......... 40%  782K 4s
 10000K .......... .......... .......... .......... .......... 40% 29.3M 4s
 10050K .......... .......... .......... .......... .......... 40% 3.59M 4s
 10100K .......... .......... .......... .......... .......... 40% 10.6M 4s
 10150K .......... .......... .......... .......... .......... 41% 29.6M 4s
 10200K .......... .......... .......... .......... .......... 41% 35.1M 3s
 10250K .......... .......... .......... .......... .......... 41%  790K 4s
 10300K .......... .......... .......... .......... .......... 41% 43.1M 4s
 10350K .......... .......... .......... .......... .......... 41% 3.84M 4s
 10400K .......... .......... .......... .......... .......... 42% 21.3M 3s
 10450K .......... .......... .......... .......... .......... 42% 12.0M 3s
 10500K .......... .......... .......... .......... .......... 42% 29.8M 3s
 10550K .......... .......... .......... .......... .......... 42% 43.2M 3s
 10600K .......... .......... .......... .......... .......... 42% 38.7M 3s
 10650K .......... .......... .......... .......... .......... 43%  789K 3s
 10700K .......... .......... .......... .......... .......... 43% 52.2M 3s
 10750K .......... .......... .......... .......... .......... 43% 3.95M 3s
 10800K .......... .......... .......... .......... .......... 43% 19.9M 3s
 10850K .......... .......... .......... .......... .......... 44% 27.1M 3s
 10900K .......... .......... .......... .......... .......... 44% 14.0M 3s
 10950K .......... .......... .......... .......... .......... 44% 44.0M 3s
 11000K .......... .......... .......... .......... .......... 44% 39.9M 3s
 11050K .......... .......... .......... .......... .......... 44%  795K 3s
 11100K .......... .......... .......... .......... .......... 45% 40.5M 3s
 11150K .......... .......... .......... .......... .......... 45% 46.4M 3s
 11200K .......... .......... .......... .......... .......... 45% 36.9M 3s
 11250K .......... .......... .......... .......... .......... 45% 3.91M 3s
 11300K .......... .......... .......... .......... .......... 45% 30.4M 3s
 11350K .......... .......... .......... .......... .......... 46% 18.0M 3s
 11400K .......... .......... .......... .......... .......... 46% 29.6M 3s
 11450K .......... .......... .......... .......... .......... 46% 34.1M 3s
 11500K .......... .......... .......... .......... .......... 46% 30.2M 3s
 11550K .......... .......... .......... .......... .......... 46% 36.4M 3s
 11600K .......... .......... .......... .......... .......... 47%  812K 3s
 11650K .......... .......... .......... .......... .......... 47% 44.5M 3s
 11700K .......... .......... .......... .......... .......... 47% 48.3M 3s
 11750K .......... .......... .......... .......... .......... 47% 4.47M 3s
 11800K .......... .......... .......... .......... .......... 47% 19.0M 3s
 11850K .......... .......... .......... .......... .......... 48% 35.1M 3s
 11900K .......... .......... .......... .......... .......... 48% 30.2M 3s
 11950K .......... .......... .......... .......... .......... 48% 22.6M 3s
 12000K .......... .......... .......... .......... .......... 48% 41.9M 3s
 12050K .......... .......... .......... .......... .......... 48% 34.6M 3s
 12100K .......... .......... .......... .......... .......... 49% 40.1M 3s
 12150K .......... .......... .......... .......... .......... 49% 40.1M 3s
 12200K .......... .......... .......... .......... .......... 49% 40.3M 3s
 12250K .......... .......... .......... .......... .......... 49% 66.3M 3s
 12300K .......... .......... .......... .......... .......... 49% 80.9M 3s
 12350K .......... .......... .......... .......... .......... 50% 83.4M 3s
 12400K .......... .......... .......... .......... .......... 50% 82.1M 3s
 12450K .......... .......... .......... .......... .......... 50% 79.9M 3s
 12500K .......... .......... .......... .......... .......... 50% 84.0M 3s
 12550K .......... .......... .......... .......... .......... 50% 67.2K 3s
 12600K .......... .......... .......... .......... .......... 51%  287K 4s
 12650K .......... .......... .......... .......... .......... 51%  570K 4s
 12700K .......... .......... .......... .......... .......... 51%  573K 4s
 12750K .......... .......... .......... .......... .......... 51%  577K 4s
 12800K .......... .......... .......... .......... .......... 51% 32.8M 4s
 12850K .......... .......... .......... .......... .......... 52% 35.8M 4s
 12900K .......... .......... .......... .......... .......... 52%  586K 4s
 12950K .......... .......... .......... .......... .......... 52% 30.2M 4s
 13000K .......... .......... .......... .......... .......... 52% 36.3M 4s
 13050K .......... .......... .......... .......... .......... 52%  596K 4s
 13100K .......... .......... .......... .......... .......... 53% 30.2M 4s
 13150K .......... .......... .......... .......... .......... 53% 36.0M 4s
 13200K .......... .......... .......... .......... .......... 53% 36.5M 4s
 13250K .......... .......... .......... .......... .......... 53%  610K 4s
 13300K .......... .......... .......... .......... .......... 53% 34.3M 4s
 13350K .......... .......... .......... .......... .......... 54% 30.1M 4s
 13400K .......... .......... .......... .......... .......... 54% 33.9M 4s
 13450K .......... .......... .......... .......... .......... 54% 35.8M 4s
 13500K .......... .......... .......... .......... .......... 54% 36.3M 4s
 13550K .......... .......... .......... .......... .......... 54%  627K 4s
 13600K .......... .......... .......... .......... .......... 55% 27.8M 4s
 13650K .......... .......... .......... .......... .......... 55% 34.7M 4s
 13700K .......... .......... .......... .......... .......... 55% 34.3M 3s
 13750K .......... .......... .......... .......... .......... 55% 34.8M 3s
 13800K .......... .......... .......... .......... .......... 55% 31.7M 3s
 13850K .......... .......... .......... .......... .......... 56% 35.9M 3s
 13900K .......... .......... .......... .......... .......... 56%  635K 3s
 13950K .......... .......... .......... .......... .......... 56% 29.0M 3s
 14000K .......... .......... .......... .......... .......... 56% 34.5M 3s
 14050K .......... .......... .......... .......... .......... 56% 35.0M 3s
 14100K .......... .......... .......... .......... .......... 57% 34.2M 3s
 14150K .......... .......... .......... .......... .......... 57% 31.6M 3s
 14200K .......... .......... .......... .......... .......... 57% 36.3M 3s
 14250K .......... .......... .......... .......... .......... 57% 36.2M 3s
 14300K .......... .......... .......... .......... .......... 57%  643K 3s
 14350K .......... .......... .......... .......... .......... 58% 33.1M 3s
 14400K .......... .......... .......... .......... .......... 58% 34.4M 3s
 14450K .......... .......... .......... .......... .......... 58% 35.3M 3s
 14500K .......... .......... .......... .......... .......... 58% 30.2M 3s
 14550K .......... .......... .......... .......... .......... 58% 36.6M 3s
 14600K .......... .......... .......... .......... .......... 59% 36.5M 3s
 14650K .......... .......... .......... .......... .......... 59% 36.0M 3s
 14700K .......... .......... .......... .......... .......... 59%  652K 3s
 14750K .......... .......... .......... .......... .......... 59% 38.9M 3s
 14800K .......... .......... .......... .......... .......... 59% 39.2M 3s
 14850K .......... .......... .......... .......... .......... 60% 39.9M 3s
 14900K .......... .......... .......... .......... .......... 60% 34.9M 3s
 14950K .......... .......... .......... .......... .......... 60% 39.6M 3s
 15000K .......... .......... .......... .......... .......... 60% 40.1M 3s
 15050K .......... .......... .......... .......... .......... 60% 40.2M 3s
 15100K .......... .......... .......... .......... .......... 61% 35.5M 3s
 15150K .......... .......... .......... .......... .......... 61% 58.8M 3s
 15200K .......... .......... .......... .......... .......... 61% 88.9M 3s
 15250K .......... .......... .......... .......... .......... 61% 95.2M 3s
 15300K .......... .......... .......... .......... .......... 61% 82.8M 3s
 15350K .......... .......... .......... .......... .......... 62% 94.6M 3s
 15400K .......... .......... .......... .......... .......... 62% 76.6K 3s
 15450K .......... .......... .......... .......... .......... 62%  570K 3s
 15500K .......... .......... .......... .......... .......... 62%  573K 3s
 15550K .......... .......... .......... .......... .......... 62%  577K 3s
 15600K .......... .......... .......... .......... .......... 63% 30.7M 3s
 15650K .......... .......... .......... .......... .......... 63%  584K 3s
 15700K .......... .......... .......... .......... .......... 63% 34.7M 3s
 15750K .......... .......... .......... .......... .......... 63% 35.5M 3s
 15800K .......... .......... .......... .......... .......... 63% 31.5M 3s
 15850K .......... .......... .......... .......... .......... 64%  598K 3s
 15900K .......... .......... .......... .......... .......... 64% 30.0M 3s
 15950K .......... .......... .......... .......... .......... 64% 35.9M 3s
 16000K .......... .......... .......... .......... .......... 64%  599K 3s
 16050K .......... .......... .......... .......... .......... 64% 32.5M 3s
 16100K .......... .......... .......... .......... .......... 65% 34.4M 3s
 16150K .......... .......... .......... .......... .......... 65% 31.7M 3s
 16200K .......... .......... .......... .......... .......... 65%  604K 3s
 16250K .......... .......... .......... .......... .......... 65% 29.2M 3s
 16300K .......... .......... .......... .......... .......... 66% 34.3M 3s
 16350K .......... .......... .......... .......... .......... 66% 35.5M 3s
 16400K .......... .......... .......... .......... .......... 66% 26.3M 3s
 16450K .......... .......... .......... .......... .......... 66%  609K 3s
 16500K .......... .......... .......... .......... .......... 66% 34.8M 3s
 16550K .......... .......... .......... .......... .......... 67% 34.1M 3s
 16600K .......... .......... .......... .......... .......... 67% 31.8M 3s
 16650K .......... .......... .......... .......... .......... 67%  611K 3s
 16700K .......... .......... .......... .......... .......... 67% 28.8M 3s
 16750K .......... .......... .......... .......... .......... 67% 25.3M 3s
 16800K .......... .......... .......... .......... .......... 68% 35.7M 3s
 16850K .......... .......... .......... .......... .......... 68% 36.2M 3s
 16900K .......... .......... .......... .......... .......... 68% 31.5M 3s
 16950K .......... .......... .......... .......... .......... 68%  619K 3s
 17000K .......... .......... .......... .......... .......... 68% 25.1M 3s
 17050K .......... .......... .......... .......... .......... 69% 34.3M 3s
 17100K .......... .......... .......... .......... .......... 69% 35.1M 3s
 17150K .......... .......... .......... .......... .......... 69% 30.9M 3s
 17200K .......... .......... .......... .......... .......... 69% 35.7M 3s
 17250K .......... .......... .......... .......... .......... 69% 37.0M 3s
 17300K .......... .......... .......... .......... .......... 70% 37.0M 3s
 17350K .......... .......... .......... .......... .......... 70% 40.9M 3s
 17400K .......... .......... .......... .......... .......... 70% 95.8M 3s
 17450K .......... .......... .......... .......... .......... 70% 96.4M 3s
 17500K .......... .......... .......... .......... .......... 70% 96.8M 3s
 17550K .......... .......... .......... .......... .......... 71% 76.6K 3s
 17600K .......... .......... .......... .......... .......... 71%  568K 3s
 17650K .......... .......... .......... .......... .......... 71%  568K 3s
 17700K .......... .......... .......... .......... .......... 71%  576K 3s
 17750K .......... .......... .......... .......... .......... 71% 36.2M 3s
 17800K .......... .......... .......... .......... .......... 72%  581K 3s
 17850K .......... .......... .......... .......... .......... 72%  576K 3s
 17900K .......... .......... .......... .......... .......... 72% 32.0M 3s
 17950K .......... .......... .......... .......... .......... 72%  581K 3s
 18000K .......... .......... .......... .......... .......... 72% 22.3M 3s
 18050K .......... .......... .......... .......... .......... 73%  586K 3s
 18100K .......... .......... .......... .......... .......... 73% 35.1M 3s
 18150K .......... .......... .......... .......... .......... 73%  583K 3s
 18200K .......... .......... .......... .......... .......... 73% 30.6M 3s
 18250K .......... .......... .......... .......... .......... 73%  584K 3s
 18300K .......... .......... .......... .......... .......... 74% 35.2M 3s
 18350K .......... .......... .......... .......... .......... 74% 25.7M 3s
 18400K .......... .......... .......... .......... .......... 74%  594K 3s
 18450K .......... .......... .......... .......... .......... 74% 30.8M 3s
 18500K .......... .......... .......... .......... .......... 74%  592K 3s
 18550K .......... .......... .......... .......... .......... 75% 32.5M 3s
 18600K .......... .......... .......... .......... .......... 75% 30.8M 3s
 18650K .......... .......... .......... .......... .......... 75%  591K 3s
 18700K .......... .......... .......... .......... .......... 75% 33.6M 3s
 18750K .......... .......... .......... .......... .......... 75% 25.6M 2s
 18800K .......... .......... .......... .......... .......... 76% 30.6M 2s
 18850K .......... .......... .......... .......... .......... 76% 34.0M 2s
 18900K .......... .......... .......... .......... .......... 76% 34.7M 2s
 18950K .......... .......... .......... .......... .......... 76% 36.0M 2s
 19000K .......... .......... .......... .......... .......... 76% 60.3M 2s
 19050K .......... .......... .......... .......... .......... 77% 95.4M 2s
 19100K .......... .......... .......... .......... .......... 77% 94.3M 2s
 19150K .......... .......... .......... .......... .......... 77% 94.8M 2s
 19200K .......... .......... .......... .......... .......... 77% 82.7M 2s
 19250K .......... .......... .......... .......... .......... 77% 94.8M 2s
 19300K .......... .......... .......... .......... .......... 78%  668K 2s
 19350K .......... .......... .......... .......... .......... 78% 53.3M 2s
 19400K .......... .......... .......... .......... .......... 78% 46.2M 2s
 19450K .......... .......... .......... .......... .......... 78% 44.1M 2s
 19500K .......... .......... .......... .......... .......... 78% 42.8M 2s
 19550K .......... .......... .......... .......... .......... 79% 43.3M 2s
 19600K .......... .......... .......... .......... .......... 79% 37.0M 2s
 19650K .......... .......... .......... .......... .......... 79% 43.0M 2s
 19700K .......... .......... .......... .......... .......... 79% 31.0M 2s
 19750K .......... .......... .......... .......... .......... 79% 44.1M 2s
 19800K .......... .......... .......... .......... .......... 80% 39.3M 2s
 19850K .......... .......... .......... .......... .......... 80% 44.9M 2s
 19900K .......... .......... .......... .......... .......... 80% 44.7M 2s
 19950K .......... .......... .......... .......... .......... 80%  679K 2s
 20000K .......... .......... .......... .......... .......... 80% 32.6M 2s
 20050K .......... .......... .......... .......... .......... 81% 37.1M 2s
 20100K .......... .......... .......... .......... .......... 81% 38.1M 2s
 20150K .......... .......... .......... .......... .......... 81% 37.8M 2s
 20200K .......... .......... .......... .......... .......... 81% 32.5M 2s
 20250K .......... .......... .......... .......... .......... 81% 37.8M 2s
 20300K .......... .......... .......... .......... .......... 82% 38.1M 2s
 20350K .......... .......... .......... .......... .......... 82% 38.9M 2s
 20400K .......... .......... .......... .......... .......... 82% 78.1M 2s
 20450K .......... .......... .......... .......... .......... 82% 94.4M 2s
 20500K .......... .......... .......... .......... .......... 82% 95.4M 2s
 20550K .......... .......... .......... .......... .......... 83%  675K 2s
 20600K .......... .......... .......... .......... .......... 83% 37.4M 2s
 20650K .......... .......... .......... .......... .......... 83% 40.6M 2s
 20700K .......... .......... .......... .......... .......... 83% 40.5M 2s
 20750K .......... .......... .......... .......... .......... 83% 31.2M 2s
 20800K .......... .......... .......... .......... .......... 84% 35.8M 2s
 20850K .......... .......... .......... .......... .......... 84% 35.4M 2s
 20900K .......... .......... .......... .......... .......... 84% 35.2M 1s
 20950K .......... .......... .......... .......... .......... 84% 23.7M 1s
 21000K .......... .......... .......... .......... .......... 84% 38.9M 1s
 21050K .......... .......... .......... .......... .......... 85% 39.7M 1s
 21100K .......... .......... .......... .......... .......... 85% 39.9M 1s
 21150K .......... .......... .......... .......... .......... 85% 37.4M 1s
 21200K .......... .......... .......... .......... .......... 85%  702K 1s
 21250K .......... .......... .......... .......... .......... 85% 33.1M 1s
 21300K .......... .......... .......... .......... .......... 86% 34.9M 1s
 21350K .......... .......... .......... .......... .......... 86% 30.4M 1s
 21400K .......... .......... .......... .......... .......... 86% 35.6M 1s
 21450K .......... .......... .......... .......... .......... 86% 36.4M 1s
 21500K .......... .......... .......... .......... .......... 86% 34.7M 1s
 21550K .......... .......... .......... .......... .......... 87% 31.6M 1s
 21600K .......... .......... .......... .......... .......... 87% 26.5M 1s
 21650K .......... .......... .......... .......... .......... 87% 64.7M 1s
 21700K .......... .......... .......... .......... .......... 87% 83.6M 1s
 21750K .......... .......... .......... .......... .......... 88% 73.5M 1s
 21800K .......... .......... .......... .......... .......... 88% 61.4M 1s
 21850K .......... .......... .......... .......... .......... 88%  689K 1s
 21900K .......... .......... .......... .......... .......... 88% 70.2M 1s
 21950K .......... .......... .......... .......... .......... 88% 40.8M 1s
 22000K .......... .......... .......... .......... .......... 89% 46.2M 1s
 22050K .......... .......... .......... .......... .......... 89% 55.2M 1s
 22100K .......... .......... .......... .......... .......... 89% 35.4M 1s
 22150K .......... .......... .......... .......... .......... 89% 54.5M 1s
 22200K .......... .......... .......... .......... .......... 89% 49.0M 1s
 22250K .......... .......... .......... .......... .......... 90% 55.6M 1s
 22300K .......... .......... .......... .......... .......... 90% 53.1M 1s
 22350K .......... .......... .......... .......... .......... 90% 19.5M 1s
 22400K .......... .......... .......... .......... .......... 90% 26.8M 1s
 22450K .......... .......... .......... .......... .......... 90% 37.1M 1s
 22500K .......... .......... .......... .......... .......... 91% 66.6M 1s
 22550K .......... .......... .......... .......... .......... 91%  687K 1s
 22600K .......... .......... .......... .......... .......... 91% 45.1M 1s
 22650K .......... .......... .......... .......... .......... 91% 30.9M 1s
 22700K .......... .......... .......... .......... .......... 91% 42.9M 1s
 22750K .......... .......... .......... .......... .......... 92% 42.1M 1s
 22800K .......... .......... .......... .......... .......... 92% 37.8M 1s
 22850K .......... .......... .......... .......... .......... 92% 44.5M 1s
 22900K .......... .......... .......... .......... .......... 92% 43.0M 1s
 22950K .......... .......... .......... .......... .......... 92% 44.0M 1s
 23000K .......... .......... .......... .......... .......... 93% 38.6M 1s
 23050K .......... .......... .......... .......... .......... 93% 41.3M 1s
 23100K .......... .......... .......... .......... .......... 93% 52.1M 1s
 23150K .......... .......... .......... .......... .......... 93% 34.6M 1s
 23200K .......... .......... .......... .......... .......... 93%  687K 1s
 23250K .......... .......... .......... .......... .......... 94% 52.1M 1s
 23300K .......... .......... .......... .......... .......... 94% 48.7M 1s
 23350K .......... .......... .......... .......... .......... 94% 41.2M 0s
 23400K .......... .......... .......... .......... .......... 94% 36.1M 0s
 23450K .......... .......... .......... .......... .......... 94% 40.6M 0s
 23500K .......... .......... .......... .......... .......... 95% 41.6M 0s
 23550K .......... .......... .......... .......... .......... 95% 41.5M 0s
 23600K .......... .......... .......... .......... .......... 95% 36.1M 0s
 23650K .......... .......... .......... .......... .......... 95% 41.4M 0s
 23700K .......... .......... .......... .......... .......... 95% 42.1M 0s
 23750K .......... .......... .......... .......... .......... 96% 41.1M 0s
 23800K .......... .......... .......... .......... .......... 96% 32.1M 0s
 23850K .......... .......... .......... .......... .......... 96%  691K 0s
 23900K .......... .......... .......... .......... .......... 96% 37.1M 0s
 23950K .......... .......... .......... .......... .......... 96% 40.5M 0s
 24000K .......... .......... .......... .......... .......... 97% 39.2M 0s
 24050K .......... .......... .......... .......... .......... 97% 39.9M 0s
 24100K .......... .......... .......... .......... .......... 97% 36.3M 0s
 24150K .......... .......... .......... .......... .......... 97% 36.4M 0s
 24200K .......... .......... .......... .......... .......... 97% 35.4M 0s
 24250K .......... .......... .......... .......... .......... 98% 35.4M 0s
 24300K .......... .......... .......... .......... .......... 98% 33.3M 0s
 24350K .......... .......... .......... .......... .......... 98% 38.9M 0s
 24400K .......... .......... .......... .......... .......... 98% 33.9M 0s
 24450K .......... .......... .......... .......... .......... 98% 47.9M 0s
 24500K .......... .......... .......... .......... .......... 99% 54.0M 0s
 24550K .......... .......... .......... .......... .......... 99%  697K 0s
 24600K .......... .......... .......... .......... .......... 99% 37.9M 0s
 24650K .......... .......... .......... .......... .......... 99% 31.7M 0s
 24700K .......... .......... .......... .......... .......... 99% 28.8M 0s
 24750K .......... .......... ..                              100% 32.4M=8.7s

2025-03-25 12:01:58 (2.79 MB/s) - ‘/shared/projects/microc_pilot/images/bwa_0.7.18.sif’ saved [25366528/25366528]

-rw-rw----+ 1 ccarmignoto99 ccarmignoto99 25366528 Jul 17  2024 /shared/projects/microc_pilot/images/bwa_0.7.18.sif
Checking BWA...
