=== Starting BWA Indexing Job ===
Setting up paths and directories...
Path to genomes table: /shared/projects/microc_pilot/genomes/genomesTable.txt
BWA Index Directory: /shared/projects/microc_pilot/genomes/bwaIndex/__genome__
Singularity Image Directory: /shared/projects/microc_pilot/images
Loading Singularity module...
Singularity is loaded.
Downloading Singularity images if not already available...
--2025-03-25 12:04:35--  http://datacache.galaxyproject.org/singularity/all/bwa:0.7.18--he4a0461_1
Resolving datacache.galaxyproject.org (datacache.galaxyproject.org)... 128.118.250.24
Connecting to datacache.galaxyproject.org (datacache.galaxyproject.org)|128.118.250.24|:80... connected.
HTTP request sent, awaiting response... 200 OK
Length: 25366528 (24M) [application/octet-stream]
Saving to: ‘/shared/projects/microc_pilot/images/bwa_0.7.18.sif’

     0K .......... .......... .......... .......... ..........  0%  286K 86s
    50K .......... .......... .......... .......... ..........  0%  573K 65s
   100K .......... .......... .......... .......... ..........  0%  594K 57s
   150K .......... .......... .......... .......... ..........  0% 29.2M 43s
   200K .......... .......... .......... .......... ..........  1%  583K 43s
   250K .......... .......... .......... .......... ..........  1% 20.7M 36s
   300K .......... .......... .......... .......... ..........  1% 28.8M 31s
   350K .......... .......... .......... .......... ..........  1% 32.4M 27s
   400K .......... .......... .......... .......... ..........  1%  626K 28s
   450K .......... .......... .......... .......... ..........  2% 25.0M 25s
   500K .......... .......... .......... .......... ..........  2% 26.3M 23s
   550K .......... .......... .......... .......... ..........  2% 25.9M 21s
   600K .......... .......... .......... .......... ..........  2% 18.0M 20s
   650K .......... .......... .......... .......... ..........  2% 27.3M 18s
   700K .......... .......... .......... .......... ..........  3% 28.9M 17s
   750K .......... .......... .......... .......... ..........  3% 30.4M 16s
   800K .......... .......... .......... .......... ..........  3% 28.4M 15s
   850K .......... .......... .......... .......... ..........  3% 29.8M 14s
   900K .......... .......... .......... .......... ..........  3%  692K 15s
   950K .......... .......... .......... .......... ..........  4% 26.8M 15s
  1000K .......... .......... .......... .......... ..........  4% 28.6M 14s
  1050K .......... .......... .......... .......... ..........  4% 30.0M 13s
  1100K .......... .......... .......... .......... ..........  4% 29.4M 13s
  1150K .......... .......... .......... .......... ..........  4% 31.4M 12s
  1200K .......... .......... .......... .......... ..........  5% 29.8M 12s
  1250K .......... .......... .......... .......... ..........  5% 28.9M 11s
  1300K .......... .......... .......... .......... ..........  5% 29.3M 11s
  1350K .......... .......... .......... .......... ..........  5% 26.5M 10s
  1400K .......... .......... .......... .......... ..........  5% 26.9M 10s
  1450K .......... .......... .......... .......... ..........  6% 28.0M 10s
  1500K .......... .......... .......... .......... ..........  6% 29.7M 9s
  1550K .......... .......... .......... .......... ..........  6% 30.7M 9s
  1600K .......... .......... .......... .......... ..........  6% 30.2M 9s
  1650K .......... .......... .......... .......... ..........  6% 31.3M 9s
  1700K .......... .......... .......... .......... ..........  7% 31.1M 8s
  1750K .......... .......... .......... .......... ..........  7% 30.4M 8s
  1800K .......... .......... .......... .......... ..........  7%  854K 9s
  1850K .......... .......... .......... .......... ..........  7% 30.3M 8s
  1900K .......... .......... .......... .......... ..........  7% 27.8M 8s
  1950K .......... .......... .......... .......... ..........  8% 29.3M 8s
  2000K .......... .......... .......... .......... ..........  8% 29.2M 8s
  2050K .......... .......... .......... .......... ..........  8% 28.7M 8s
  2100K .......... .......... .......... .......... ..........  8% 27.6M 7s
  2150K .......... .......... .......... .......... ..........  8% 28.7M 7s
  2200K .......... .......... .......... .......... ..........  9% 27.9M 7s
  2250K .......... .......... .......... .......... ..........  9% 29.5M 7s
  2300K .......... .......... .......... .......... ..........  9% 29.2M 7s
  2350K .......... .......... .......... .......... ..........  9% 30.3M 7s
  2400K .......... .......... .......... .......... ..........  9% 30.6M 7s
  2450K .......... .......... .......... .......... .......... 10% 29.6M 6s
  2500K .......... .......... .......... .......... .......... 10% 30.9M 6s
  2550K .......... .......... .......... .......... .......... 10% 30.2M 6s
  2600K .......... .......... .......... .......... .......... 10% 29.9M 6s
  2650K .......... .......... .......... .......... .......... 10% 30.6M 6s
  2700K .......... .......... .......... .......... .......... 11% 29.9M 6s
  2750K .......... .......... .......... .......... .......... 11% 29.2M 6s
  2800K .......... .......... .......... .......... .......... 11% 28.2M 6s
  2850K .......... .......... .......... .......... .......... 11% 33.1M 6s
  2900K .......... .......... .......... .......... .......... 11% 86.1M 5s
  2950K .......... .......... .......... .......... .......... 12% 86.3M 5s
  3000K .......... .......... .......... .......... .......... 12% 85.1M 5s
  3050K .......... .......... .......... .......... .......... 12% 74.9M 5s
  3100K .......... .......... .......... .......... .......... 12% 84.9M 5s
  3150K .......... .......... .......... .......... .......... 12% 81.2M 5s
  3200K .......... .......... .......... .......... .......... 13% 84.9M 5s
  3250K .......... .......... .......... .......... .......... 13% 84.1M 5s
  3300K .......... .......... .......... .......... .......... 13% 97.2M 5s
  3350K .......... .......... .......... .......... .......... 13% 1.00M 5s
  3400K .......... .......... .......... .......... .......... 13% 9.66M 5s
  3450K .......... .......... .......... .......... .......... 14% 70.3M 5s
  3500K .......... .......... .......... .......... .......... 14% 34.0M 5s
  3550K .......... .......... .......... .......... .......... 14% 35.3M 5s
  3600K .......... .......... .......... .......... .......... 14% 33.7M 5s
  3650K .......... .......... .......... .......... .......... 14% 26.7M 5s
  3700K .......... .......... .......... .......... .......... 15% 21.4M 4s
  3750K .......... .......... .......... .......... .......... 15% 14.6M 4s
  3800K .......... .......... .......... .......... .......... 15% 11.6M 4s
  3850K .......... .......... .......... .......... .......... 15% 14.4M 4s
  3900K .......... .......... .......... .......... .......... 15% 12.8M 4s
  3950K .......... .......... .......... .......... .......... 16% 19.8M 4s
  4000K .......... .......... .......... .......... .......... 16% 24.5M 4s
  4050K .......... .......... .......... .......... .......... 16% 46.9M 4s
  4100K .......... .......... .......... .......... .......... 16% 48.5M 4s
  4150K .......... .......... .......... .......... .......... 16% 39.8M 4s
  4200K .......... .......... .......... .......... .......... 17% 45.2M 4s
  4250K .......... .......... .......... .......... .......... 17% 45.8M 4s
  4300K .......... .......... .......... .......... .......... 17% 46.3M 4s
  4350K .......... .......... .......... .......... .......... 17% 41.1M 4s
  4400K .......... .......... .......... .......... .......... 17% 56.6M 4s
  4450K .......... .......... .......... .......... .......... 18% 89.1M 4s
  4500K .......... .......... .......... .......... .......... 18% 95.6M 4s
  4550K .......... .......... .......... .......... .......... 18%  104K 6s
  4600K .......... .......... .......... .......... .......... 18%  191K 7s
  4650K .......... .......... .......... .......... .......... 18% 47.7M 7s
  4700K .......... .......... .......... .......... .......... 19%  583K 7s
  4750K .......... .......... .......... .......... .......... 19%  573K 7s
  4800K .......... .......... .......... .......... .......... 19%  578K 8s
  4850K .......... .......... .......... .......... .......... 19% 32.3M 7s
  4900K .......... .......... .......... .......... .......... 19%  576K 8s
  4950K .......... .......... .......... .......... .......... 20%  580K 8s
  5000K .......... .......... .......... .......... .......... 20% 35.4M 8s
  5050K .......... .......... .......... .......... .......... 20%  582K 8s
  5100K .......... .......... .......... .......... .......... 20% 35.1M 8s
  5150K .......... .......... .......... .......... .......... 20%  583K 8s
  5200K .......... .......... .......... .......... .......... 21% 36.6M 8s
  5250K .......... .......... .......... .......... .......... 21%  587K 8s
  5300K .......... .......... .......... .......... .......... 21% 33.8M 8s
  5350K .......... .......... .......... .......... .......... 21% 35.6M 8s
  5400K .......... .......... .......... .......... .......... 22%  592K 8s
  5450K .......... .......... .......... .......... .......... 22% 30.4M 8s
  5500K .......... .......... .......... .......... .......... 22% 35.9M 8s
  5550K .......... .......... .......... .......... .......... 22%  594K 8s
  5600K .......... .......... .......... .......... .......... 22% 34.5M 8s
  5650K .......... .......... .......... .......... .......... 23% 33.1M 8s
  5700K .......... .......... .......... .......... .......... 23% 36.4M 8s
  5750K .......... .......... .......... .......... .......... 23%  600K 8s
  5800K .......... .......... .......... .......... .......... 23% 34.1M 8s
  5850K .......... .......... .......... .......... .......... 23% 30.1M 8s
  5900K .......... .......... .......... .......... .......... 24%  603K 8s
  5950K .......... .......... .......... .......... .......... 24% 32.0M 8s
  6000K .......... .......... .......... .......... .......... 24% 38.3M 8s
  6050K .......... .......... .......... .......... .......... 24% 37.9M 8s
  6100K .......... .......... .......... .......... .......... 24% 34.3M 8s
  6150K .......... .......... .......... .......... .......... 25%  605K 8s
  6200K .......... .......... .......... .......... .......... 25% 33.8M 8s
  6250K .......... .......... .......... .......... .......... 25% 34.7M 8s
  6300K .......... .......... .......... .......... .......... 25% 35.3M 8s
  6350K .......... .......... .......... .......... .......... 25% 31.7M 8s
  6400K .......... .......... .......... .......... .......... 26%  606K 8s
  6450K .......... .......... .......... .......... .......... 26% 34.1M 8s
  6500K .......... .......... .......... .......... .......... 26% 31.1M 8s
  6550K .......... .......... .......... .......... .......... 26% 35.8M 8s
  6600K .......... .......... .......... .......... .......... 26% 37.4M 8s
  6650K .......... .......... .......... .......... .......... 27%  619K 8s
  6700K .......... .......... .......... .......... .......... 27% 33.0M 8s
  6750K .......... .......... .......... .......... .......... 27% 30.2M 8s
  6800K .......... .......... .......... .......... .......... 27% 35.4M 8s
  6850K .......... .......... .......... .......... .......... 27% 36.0M 7s
  6900K .......... .......... .......... .......... .......... 28% 36.7M 7s
  6950K .......... .......... .......... .......... .......... 28%  625K 8s
  7000K .......... .......... .......... .......... .......... 28% 34.0M 7s
  7050K .......... .......... .......... .......... .......... 28% 33.3M 7s
  7100K .......... .......... .......... .......... .......... 28% 30.3M 7s
  7150K .......... .......... .......... .......... .......... 29% 36.4M 7s
  7200K .......... .......... .......... .......... .......... 29% 35.8M 7s
  7250K .......... .......... .......... .......... .......... 29% 36.6M 7s
  7300K .......... .......... .......... .......... .......... 29%  630K 7s
  7350K .......... .......... .......... .......... .......... 29% 34.5M 7s
  7400K .......... .......... .......... .......... .......... 30% 33.4M 7s
  7450K .......... .......... .......... .......... .......... 30% 34.5M 7s
  7500K .......... .......... .......... .......... .......... 30% 30.8M 7s
  7550K .......... .......... .......... .......... .......... 30% 36.1M 7s
  7600K .......... .......... .......... .......... .......... 30% 36.8M 7s
  7650K .......... .......... .......... .......... .......... 31%  640K 7s
  7700K .......... .......... .......... .......... .......... 31% 34.4M 7s
  7750K .......... .......... .......... .......... .......... 31% 35.1M 7s
  7800K .......... .......... .......... .......... .......... 31% 34.8M 7s
  7850K .......... .......... .......... .......... .......... 31% 30.4M 7s
  7900K .......... .......... .......... .......... .......... 32% 34.5M 7s
  7950K .......... .......... .......... .......... .......... 32% 35.6M 7s
  8000K .......... .......... .......... .......... .......... 32% 36.9M 7s
  8050K .......... .......... .......... .......... .......... 32% 31.8M 6s
  8100K .......... .......... .......... .......... .......... 32% 69.5M 6s
  8150K .......... .......... .......... .......... .......... 33% 96.6M 6s
  8200K .......... .......... .......... .......... .......... 33%  233K 7s
  8250K .......... .......... .......... .......... .......... 33%  114K 8s
  8300K .......... .......... .......... .......... .......... 33%  287K 8s
  8350K .......... .......... .......... .......... .......... 33%  574K 8s
  8400K .......... .......... .......... .......... .......... 34% 31.8M 8s
  8450K .......... .......... .......... .......... .......... 34%  580K 8s
  8500K .......... .......... .......... .......... .......... 34% 35.3M 8s
  8550K .......... .......... .......... .......... .......... 34% 35.1M 8s
  8600K .......... .......... .......... .......... .......... 34%  578K 8s
  8650K .......... .......... .......... .......... .......... 35% 30.3M 8s
  8700K .......... .......... .......... .......... .......... 35% 36.3M 8s
  8750K .......... .......... .......... .......... .......... 35% 36.4M 8s
  8800K .......... .......... .......... .......... .......... 35%  620K 8s
  8850K .......... .......... .......... .......... .......... 35% 17.2M 8s
  8900K .......... .......... .......... .......... .......... 36% 33.7M 8s
  8950K .......... .......... .......... .......... .......... 36% 35.6M 8s
  9000K .......... .......... .......... .......... .......... 36% 31.8M 8s
  9050K .......... .......... .......... .......... .......... 36% 36.1M 7s
  9100K .......... .......... .......... .......... .......... 36%  640K 8s
  9150K .......... .......... .......... .......... .......... 37% 20.8M 7s
  9200K .......... .......... .......... .......... .......... 37% 30.4M 7s
  9250K .......... .......... .......... .......... .......... 37% 33.2M 7s
  9300K .......... .......... .......... .......... .......... 37% 34.7M 7s
  9350K .......... .......... .......... .......... .......... 37% 36.3M 7s
  9400K .......... .......... .......... .......... .......... 38% 31.6M 7s
  9450K .......... .......... .......... .......... .......... 38% 36.6M 7s
  9500K .......... .......... .......... .......... .......... 38%  660K 7s
  9550K .......... .......... .......... .......... .......... 38% 19.5M 7s
  9600K .......... .......... .......... .......... .......... 38% 64.3M 7s
  9650K .......... .......... .......... .......... .......... 39% 58.8M 7s
  9700K .......... .......... .......... .......... .......... 39% 51.6M 7s
  9750K .......... .......... .......... .......... .......... 39% 58.2M 7s
  9800K .......... .......... .......... .......... .......... 39% 57.2M 7s
  9850K .......... .......... .......... .......... .......... 39% 60.1M 7s
  9900K .......... .......... .......... .......... .......... 40% 54.3M 7s
  9950K .......... .......... .......... .......... .......... 40%  632K 7s
 10000K .......... .......... .......... .......... .......... 40% 29.7M 7s
 10050K .......... .......... .......... .......... .......... 40% 44.9M 7s
 10100K .......... .......... .......... .......... .......... 40% 38.4M 7s
 10150K .......... .......... .......... .......... .......... 41% 45.9M 7s
 10200K .......... .......... .......... .......... .......... 41% 45.1M 7s
 10250K .......... .......... .......... .......... .......... 41% 44.5M 6s
 10300K .......... .......... .......... .......... .......... 41% 41.4M 6s
 10350K .......... .......... .......... .......... .......... 41% 48.2M 6s
 10400K .......... .......... .......... .......... .......... 42% 47.9M 6s
 10450K .......... .......... .......... .......... .......... 42%  656K 6s
 10500K .......... .......... .......... .......... .......... 42% 37.3M 6s
 10550K .......... .......... .......... .......... .......... 42% 33.6M 6s
 10600K .......... .......... .......... .......... .......... 42% 37.8M 6s
 10650K .......... .......... .......... .......... .......... 43% 37.0M 6s
 10700K .......... .......... .......... .......... .......... 43% 37.9M 6s
 10750K .......... .......... .......... .......... .......... 43% 32.4M 6s
 10800K .......... .......... .......... .......... .......... 43% 39.3M 6s
 10850K .......... .......... .......... .......... .......... 44% 40.0M 6s
 10900K .......... .......... .......... .......... .......... 44% 39.6M 6s
 10950K .......... .......... .......... .......... .......... 44% 53.0M 6s
 11000K .......... .......... .......... .......... .......... 44%  677K 6s
 11050K .......... .......... .......... .......... .......... 44% 62.8M 6s
 11100K .......... .......... .......... .......... .......... 45% 60.6M 6s
 11150K .......... .......... .......... .......... .......... 45% 32.4M 6s
 11200K .......... .......... .......... .......... .......... 45% 35.8M 6s
 11250K .......... .......... .......... .......... .......... 45% 56.1M 6s
 11300K .......... .......... .......... .......... .......... 45% 53.4M 6s
 11350K .......... .......... .......... .......... .......... 46% 48.7M 6s
 11400K .......... .......... .......... .......... .......... 46% 48.1M 6s
 11450K .......... .......... .......... .......... .......... 46% 56.4M 6s
 11500K .......... .......... .......... .......... .......... 46% 54.9M 5s
 11550K .......... .......... .......... .......... .......... 46% 56.2M 5s
 11600K .......... .......... .......... .......... .......... 47% 51.7M 5s
 11650K .......... .......... .......... .......... .......... 47%  663K 5s
 11700K .......... .......... .......... .......... .......... 47% 54.3M 5s
 11750K .......... .......... .......... .......... .......... 47% 61.4M 5s
 11800K .......... .......... .......... .......... .......... 47% 57.1M 5s
 11850K .......... .......... .......... .......... .......... 48% 51.8M 5s
 11900K .......... .......... .......... .......... .......... 48% 58.9M 5s
 11950K .......... .......... .......... .......... .......... 48% 60.0M 5s
 12000K .......... .......... .......... .......... .......... 48% 59.4M 5s
 12050K .......... .......... .......... .......... .......... 48% 51.8M 5s
 12100K .......... .......... .......... .......... .......... 49% 63.0M 5s
 12150K .......... .......... .......... .......... .......... 49% 63.1M 5s
 12200K .......... .......... .......... .......... .......... 49%  202K 5s
 12250K .......... .......... .......... .......... .......... 49% 82.4M 5s
 12300K .......... .......... .......... .......... .......... 49% 72.3M 5s
 12350K .......... .......... .......... .......... .......... 50%  582K 5s
 12400K .......... .......... .......... .......... .......... 50% 49.6M 5s
 12450K .......... .......... .......... .......... .......... 50% 57.8M 5s
 12500K .......... .......... .......... .......... .......... 50% 57.4M 5s
 12550K .......... .......... .......... .......... .......... 50%  902K 5s
 12600K .......... .......... .......... .......... .......... 51% 1.66M 5s
 12650K .......... .......... .......... .......... .......... 51% 41.1M 5s
 12700K .......... .......... .......... .......... .......... 51% 40.1M 5s
 12750K .......... .......... .......... .......... .......... 51% 40.8M 5s
 12800K .......... .......... .......... .......... .......... 51% 36.1M 5s
 12850K .......... .......... .......... .......... .......... 52% 42.3M 5s
 12900K .......... .......... .......... .......... .......... 52%  624K 5s
 12950K .......... .......... .......... .......... .......... 52% 38.0M 5s
 13000K .......... .......... .......... .......... .......... 52% 36.7M 5s
 13050K .......... .......... .......... .......... .......... 52% 32.8M 5s
 13100K .......... .......... .......... .......... .......... 53% 38.8M 5s
 13150K .......... .......... .......... .......... .......... 53% 39.2M 5s
 13200K .......... .......... .......... .......... .......... 53% 39.7M 5s
 13250K .......... .......... .......... .......... .......... 53% 34.7M 5s
 13300K .......... .......... .......... .......... .......... 53%  992K 5s
 13350K .......... .......... .......... .......... .......... 54% 1.72M 5s
 13400K .......... .......... .......... .......... .......... 54% 42.9M 5s
 13450K .......... .......... .......... .......... .......... 54% 36.6M 5s
 13500K .......... .......... .......... .......... .......... 54% 42.9M 5s
 13550K .......... .......... .......... .......... .......... 54% 43.4M 4s
 13600K .......... .......... .......... .......... .......... 55% 43.2M 4s
 13650K .......... .......... .......... .......... .......... 55% 39.8M 4s
 13700K .......... .......... .......... .......... .......... 55% 45.3M 4s
 13750K .......... .......... .......... .......... .......... 55%  983K 4s
 13800K .......... .......... .......... .......... .......... 55% 1.74M 4s
 13850K .......... .......... .......... .......... .......... 56% 42.2M 4s
 13900K .......... .......... .......... .......... .......... 56% 43.0M 4s
 13950K .......... .......... .......... .......... .......... 56% 37.4M 4s
 14000K .......... .......... .......... .......... .......... 56% 53.4M 4s
 14050K .......... .......... .......... .......... .......... 56% 53.9M 4s
 14100K .......... .......... .......... .......... .......... 57% 54.5M 4s
 14150K .......... .......... .......... .......... .......... 57% 48.0M 4s
 14200K .......... .......... .......... .......... .......... 57% 56.4M 4s
 14250K .......... .......... .......... .......... .......... 57%  982K 4s
 14300K .......... .......... .......... .......... .......... 57% 1.77M 4s
 14350K .......... .......... .......... .......... .......... 58% 32.4M 4s
 14400K .......... .......... .......... .......... .......... 58% 37.7M 4s
 14450K .......... .......... .......... .......... .......... 58% 36.6M 4s
 14500K .......... .......... .......... .......... .......... 58% 49.7M 4s
 14550K .......... .......... .......... .......... .......... 58% 47.2M 4s
 14600K .......... .......... .......... .......... .......... 59% 52.6M 4s
 14650K .......... .......... .......... .......... .......... 59% 56.5M 4s
 14700K .......... .......... .......... .......... .......... 59% 57.0M 4s
 14750K .......... .......... .......... .......... .......... 59% 49.4M 4s
 14800K .......... .......... .......... .......... .......... 59% 57.6M 4s
 14850K .......... .......... .......... .......... .......... 60%  659K 4s
 14900K .......... .......... .......... .......... .......... 60% 39.8M 4s
 14950K .......... .......... .......... .......... .......... 60% 56.6M 4s
 15000K .......... .......... .......... .......... .......... 60% 58.4M 4s
 15050K .......... .......... .......... .......... .......... 60% 51.2M 4s
 15100K .......... .......... .......... .......... .......... 61% 58.2M 4s
 15150K .......... .......... .......... .......... .......... 61% 57.8M 4s
 15200K .......... .......... .......... .......... .......... 61% 58.4M 4s
 15250K .......... .......... .......... .......... .......... 61% 50.9M 4s
 15300K .......... .......... .......... .......... .......... 61% 59.3M 4s
 15350K .......... .......... .......... .......... .......... 62% 59.2M 3s
 15400K .......... .......... .......... .......... .......... 62% 57.0M 3s
 15450K .......... .......... .......... .......... .......... 62% 52.0M 3s
 15500K .......... .......... .......... .......... .......... 62% 60.9M 3s
 15550K .......... .......... .......... .......... .......... 62% 61.0M 3s
 15600K .......... .......... .......... .......... .......... 63% 62.3M 3s
 15650K .......... .......... .......... .......... .......... 63%  104K 4s
 15700K .......... .......... .......... .......... .......... 63%  278K 4s
 15750K .......... .......... .......... .......... .......... 63%  574K 4s
 15800K .......... .......... .......... .......... .......... 63%  585K 4s
 15850K .......... .......... .......... .......... .......... 64% 23.8M 4s
 15900K .......... .......... .......... .......... .......... 64%  587K 4s
 15950K .......... .......... .......... .......... .......... 64% 35.7M 4s
 16000K .......... .......... .......... .......... .......... 64% 38.6M 4s
 16050K .......... .......... .......... .......... .......... 64%  594K 4s
 16100K .......... .......... .......... .......... .......... 65% 37.0M 4s
 16150K .......... .......... .......... .......... .......... 65% 30.9M 4s
 16200K .......... .......... .......... .......... .......... 65% 36.4M 4s
 16250K .......... .......... .......... .......... .......... 65%  597K 4s
 16300K .......... .......... .......... .......... .......... 66% 34.7M 4s
 16350K .......... .......... .......... .......... .......... 66% 29.6M 3s
 16400K .......... .......... .......... .......... .......... 66% 34.9M 3s
 16450K .......... .......... .......... .......... .......... 66% 34.9M 3s
 16500K .......... .......... .......... .......... .......... 66% 36.1M 3s
 16550K .......... .......... .......... .......... .......... 67% 31.8M 3s
 16600K .......... .......... .......... .......... .......... 67% 36.8M 3s
 16650K .......... .......... .......... .......... .......... 67% 35.9M 3s
 16700K .......... .......... .......... .......... .......... 67% 36.7M 3s
 16750K .......... .......... .......... .......... .......... 67% 31.7M 3s
 16800K .......... .......... .......... .......... .......... 68%  106K 3s
 16850K .......... .......... .......... .......... .......... 68%  573K 3s
 16900K .......... .......... .......... .......... .......... 68%  574K 3s
 16950K .......... .......... .......... .......... .......... 68% 34.0M 3s
 17000K .......... .......... .......... .......... .......... 68%  581K 3s
 17050K .......... .......... .......... .......... .......... 69% 29.8M 3s
 17100K .......... .......... .......... .......... .......... 69% 36.1M 3s
 17150K .......... .......... .......... .......... .......... 69%  593K 3s
 17200K .......... .......... .......... .......... .......... 69% 34.4M 3s
 17250K .......... .......... .......... .......... .......... 69% 35.2M 3s
 17300K .......... .......... .......... .......... .......... 70% 31.8M 3s
 17350K .......... .......... .......... .......... .......... 70%  605K 3s
 17400K .......... .......... .......... .......... .......... 70% 34.1M 3s
 17450K .......... .......... .......... .......... .......... 70% 31.2M 3s
 17500K .......... .......... .......... .......... .......... 70% 36.0M 3s
 17550K .......... .......... .......... .......... .......... 71% 36.2M 3s
 17600K .......... .......... .......... .......... .......... 71%  616K 3s
 17650K .......... .......... .......... .......... .......... 71% 28.4M 3s
 17700K .......... .......... .......... .......... .......... 71% 34.8M 3s
 17750K .......... .......... .......... .......... .......... 71% 35.7M 3s
 17800K .......... .......... .......... .......... .......... 72% 36.2M 3s
 17850K .......... .......... .......... .......... .......... 72%  620K 3s
 17900K .......... .......... .......... .......... .......... 72% 36.7M 3s
 17950K .......... .......... .......... .......... .......... 72% 29.2M 3s
 18000K .......... .......... .......... .......... .......... 72% 35.0M 3s
 18050K .......... .......... .......... .......... .......... 73% 36.2M 3s
 18100K .......... .......... .......... .......... .......... 73% 36.1M 3s
 18150K .......... .......... .......... .......... .......... 73%  624K 3s
 18200K .......... .......... .......... .......... .......... 73% 30.8M 3s
 18250K .......... .......... .......... .......... .......... 73% 33.2M 3s
 18300K .......... .......... .......... .......... .......... 74% 34.2M 3s
 18350K .......... .......... .......... .......... .......... 74% 34.6M 3s
 18400K .......... .......... .......... .......... .......... 74% 29.6M 3s
 18450K .......... .......... .......... .......... .......... 74% 34.6M 3s
 18500K .......... .......... .......... .......... .......... 74% 34.6M 3s
 18550K .......... .......... .......... .......... .......... 75% 35.1M 3s
 18600K .......... .......... .......... .......... .......... 75% 31.6M 3s
 18650K .......... .......... .......... .......... .......... 75% 35.5M 3s
 18700K .......... .......... .......... .......... .......... 75% 66.2M 3s
 18750K .......... .......... .......... .......... .......... 75% 84.9M 3s
 18800K .......... .......... .......... .......... .......... 76% 73.2M 3s
 18850K .......... .......... .......... .......... .......... 76% 85.3M 2s
 18900K .......... .......... .......... .......... .......... 76% 84.8M 2s
 18950K .......... .......... .......... .......... .......... 76%  718K 2s
 19000K .......... .......... .......... .......... .......... 76% 52.9M 2s
 19050K .......... .......... .......... .......... .......... 77% 48.4M 2s
 19100K .......... .......... .......... .......... .......... 77% 56.2M 2s
 19150K .......... .......... .......... .......... .......... 77% 48.1M 2s
 19200K .......... .......... .......... .......... .......... 77% 55.8M 2s
 19250K .......... .......... .......... .......... .......... 77% 57.0M 2s
 19300K .......... .......... .......... .......... .......... 78% 56.5M 2s
 19350K .......... .......... .......... .......... .......... 78% 48.3M 2s
 19400K .......... .......... .......... .......... .......... 78% 56.5M 2s
 19450K .......... .......... .......... .......... .......... 78% 56.1M 2s
 19500K .......... .......... .......... .......... .......... 78% 56.8M 2s
 19550K .......... .......... .......... .......... .......... 79% 50.3M 2s
 19600K .......... .......... .......... .......... .......... 79% 61.9M 2s
 19650K .......... .......... .......... .......... .......... 79% 96.1M 2s
 19700K .......... .......... .......... .......... .......... 79% 95.1M 2s
 19750K .......... .......... .......... .......... .......... 79%  671K 2s
 19800K .......... .......... .......... .......... .......... 80% 59.7M 2s
 19850K .......... .......... .......... .......... .......... 80% 45.7M 2s
 19900K .......... .......... .......... .......... .......... 80% 56.6M 2s
 19950K .......... .......... .......... .......... .......... 80% 56.4M 2s
 20000K .......... .......... .......... .......... .......... 80% 47.6M 2s
 20050K .......... .......... .......... .......... .......... 81% 55.5M 2s
 20100K .......... .......... .......... .......... .......... 81% 55.8M 2s
 20150K .......... .......... .......... .......... .......... 81% 56.3M 2s
 20200K .......... .......... .......... .......... .......... 81% 48.5M 2s
 20250K .......... .......... .......... .......... .......... 81% 55.9M 2s
 20300K .......... .......... .......... .......... .......... 82% 56.0M 2s
 20350K .......... .......... .......... .......... .......... 82% 56.8M 2s
 20400K .......... .......... .......... .......... .......... 82% 51.9M 2s
 20450K .......... .......... .......... .......... .......... 82% 82.2M 2s
 20500K .......... .......... .......... .......... .......... 82% 87.2M 2s
 20550K .......... .......... .......... .......... .......... 83%  674K 2s
 20600K .......... .......... .......... .......... .......... 83% 38.0M 2s
 20650K .......... .......... .......... .......... .......... 83% 40.3M 2s
 20700K .......... .......... .......... .......... .......... 83% 40.2M 2s
 20750K .......... .......... .......... .......... .......... 83% 34.5M 2s
 20800K .......... .......... .......... .......... .......... 84% 40.5M 2s
 20850K .......... .......... .......... .......... .......... 84% 40.4M 2s
 20900K .......... .......... .......... .......... .......... 84% 40.2M 2s
 20950K .......... .......... .......... .......... .......... 84% 35.3M 1s
 21000K .......... .......... .......... .......... .......... 84% 40.3M 1s
 21050K .......... .......... .......... .......... .......... 85% 42.3M 1s
 21100K .......... .......... .......... .......... .......... 85% 65.6M 1s
 21150K .......... .......... .......... .......... .......... 85% 82.4M 1s
 21200K .......... .......... .......... .......... .......... 85% 94.8M 1s
 21250K .......... .......... .......... .......... .......... 85% 94.1M 1s
 21300K .......... .......... .......... .......... .......... 86% 83.6M 1s
 21350K .......... .......... .......... .......... .......... 86%  702K 1s
 21400K .......... .......... .......... .......... .......... 86% 39.0M 1s
 21450K .......... .......... .......... .......... .......... 86% 37.1M 1s
 21500K .......... .......... .......... .......... .......... 86% 55.2M 1s
 21550K .......... .......... .......... .......... .......... 87% 49.0M 1s
 21600K .......... .......... .......... .......... .......... 87% 56.4M 1s
 21650K .......... .......... .......... .......... .......... 87% 55.3M 1s
 21700K .......... .......... .......... .......... .......... 87% 55.9M 1s
 21750K .......... .......... .......... .......... .......... 88% 48.7M 1s
 21800K .......... .......... .......... .......... .......... 88% 56.2M 1s
 21850K .......... .......... .......... .......... .......... 88% 56.5M 1s
 21900K .......... .......... .......... .......... .......... 88% 55.3M 1s
 21950K .......... .......... .......... .......... .......... 88% 49.1M 1s
 22000K .......... .......... .......... .......... .......... 89% 58.0M 1s
 22050K .......... .......... .......... .......... .......... 89% 57.3M 1s
 22100K .......... .......... .......... .......... .......... 89% 57.2M 1s
 22150K .......... .......... .......... .......... .......... 89%  689K 1s
 22200K .......... .......... .......... .......... .......... 89% 36.9M 1s
 22250K .......... .......... .......... .......... .......... 90% 38.5M 1s
 22300K .......... .......... .......... .......... .......... 90% 42.3M 1s
 22350K .......... .......... .......... .......... .......... 90% 51.6M 1s
 22400K .......... .......... .......... .......... .......... 90% 50.6M 1s
 22450K .......... .......... .......... .......... .......... 90% 51.6M 1s
 22500K .......... .......... .......... .......... .......... 91% 44.5M 1s
 22550K .......... .......... .......... .......... .......... 91% 50.9M 1s
 22600K .......... .......... .......... .......... .......... 91% 51.3M 1s
 22650K .......... .......... .......... .......... .......... 91% 51.2M 1s
 22700K .......... .......... .......... .......... .......... 91% 45.7M 1s
 22750K .......... .......... .......... .......... .......... 92% 85.2M 1s
 22800K .......... .......... .......... .......... .......... 92% 90.1M 1s
 22850K .......... .......... .......... .......... .......... 92% 87.5M 1s
 22900K .......... .......... .......... .......... .......... 92% 72.7M 1s
 22950K .......... .......... .......... .......... .......... 92% 96.6M 1s
 23000K .......... .......... .......... .......... .......... 93%  679K 1s
 23050K .......... .......... .......... .......... .......... 93% 35.8M 1s
 23100K .......... .......... .......... .......... .......... 93% 50.7M 1s
 23150K .......... .......... .......... .......... .......... 93% 54.3M 1s
 23200K .......... .......... .......... .......... .......... 93% 56.3M 1s
 23250K .......... .......... .......... .......... .......... 94% 56.3M 1s
 23300K .......... .......... .......... .......... .......... 94% 49.4M 1s
 23350K .......... .......... .......... .......... .......... 94% 56.2M 1s
 23400K .......... .......... .......... .......... .......... 94% 55.3M 0s
 23450K .......... .......... .......... .......... .......... 94% 56.5M 0s
 23500K .......... .......... .......... .......... .......... 95% 49.4M 0s
 23550K .......... .......... .......... .......... .......... 95% 56.2M 0s
 23600K .......... .......... .......... .......... .......... 95% 57.7M 0s
 23650K .......... .......... .......... .......... .......... 95% 87.6M 0s
 23700K .......... .......... .......... .......... .......... 95% 71.2M 0s
 23750K .......... .......... .......... .......... .......... 96% 86.3M 0s
 23800K .......... .......... .......... .......... .......... 96%  684K 0s
 23850K .......... .......... .......... .......... .......... 96% 32.1M 0s
 23900K .......... .......... .......... .......... .......... 96% 32.7M 0s
 23950K .......... .......... .......... .......... .......... 96% 55.8M 0s
 24000K .......... .......... .......... .......... .......... 97% 56.4M 0s
 24050K .......... .......... .......... .......... .......... 97% 54.1M 0s
 24100K .......... .......... .......... .......... .......... 97% 49.9M 0s
 24150K .......... .......... .......... .......... .......... 97% 57.0M 0s
 24200K .......... .......... .......... .......... .......... 97% 56.6M 0s
 24250K .......... .......... .......... .......... .......... 98% 55.9M 0s
 24300K .......... .......... .......... .......... .......... 98% 48.7M 0s
 24350K .......... .......... .......... .......... .......... 98% 56.8M 0s
 24400K .......... .......... .......... .......... .......... 98% 56.7M 0s
 24450K .......... .......... .......... .......... .......... 98% 57.9M 0s
 24500K .......... .......... .......... .......... .......... 99% 61.1M 0s
 24550K .......... .......... .......... .......... .......... 99% 91.0M 0s
 24600K .......... .......... .......... .......... .......... 99% 96.1M 0s
 24650K .......... .......... .......... .......... .......... 99%  683K 0s
 24700K .......... .......... .......... .......... .......... 99% 38.4M 0s
 24750K .......... .......... ..                              100% 22.4M=8.7s

2025-03-25 12:04:44 (2.78 MB/s) - ‘/shared/projects/microc_pilot/images/bwa_0.7.18.sif’ saved [25366528/25366528]

-rw-rw----+ 1 ccarmignoto99 ccarmignoto99 25366528 Jul 17  2024 /shared/projects/microc_pilot/images/bwa_0.7.18.sif
-rw-r--r--+ 1 ccarmignoto99 ccarmignoto99 25366528 Jul 17  2024 /shared/projects/microc_pilot/images/bwa_0.7.18.sif
Checking BWA...

Program: bwa (alignment via Burrows-Wheeler transformation)
Version: 0.7.18-r1243-dirty
Contact: Heng Li <hli@ds.dfci.harvard.edu>

Usage:   bwa <command> [options]

Command: index         index sequences in the FASTA format
         mem           BWA-MEM algorithm
         fastmap       identify super-maximal exact matches
         pemerge       merge overlapping paired ends (EXPERIMENTAL)
         aln           gapped/ungapped alignment
         samse         generate alignment (single ended)
         sampe         generate alignment (paired ended)
         bwasw         BWA-SW for long queries (DEPRECATED)

         shm           manage indices in shared memory
         fa2pac        convert FASTA to PAC format
         pac2bwt       generate BWT from PAC
         pac2bwtgen    alternative algorithm for generating BWT
         bwtupdate     update .bwt to the new format
         bwt2sa        generate SA from BWT and Occ

Note: To use BWA, you need to first index the genome with `bwa index'.
      There are three alignment algorithms in BWA: `mem', `bwasw', and
      `aln/samse/sampe'. If you are not sure which to use, try `bwa mem'
      first. Please `man ./bwa.1' for the manual.

